Prologue Initiated
Stopping cpuspeed daemon
Disabling ondemand cpu frequency scaling: [  OK  ]
Creating temporary directory /scratch/PBS_TEMP_45472.vilkas.vgtu.lt on node(s): quad-0-8 quad-0-7
Prologue Complete

Starting Job:
Sat Apr 28 21:47:59 EEST 2018

Running script on...
quad-0-8.local

Allocated nodes:
quad-0-8
quad-0-7


-----

-----
N = 50
Trumpiausias atstumas nuo 0 iki 25 yra lygus 37
Trumpiausias Kelias: 0 -> 26 -> 43 -> 25

Laikas 0.0125561
Visas laikas 0.012733
Skaičiavimai vyko 98.6106% viso laiko
-----
N = 100
Trumpiausias atstumas nuo 0 iki 50 yra lygus 6
Trumpiausias Kelias: 0 -> 63 -> 50

Laikas 0.0307028
Visas laikas 0.0311599
Skaičiavimai vyko 98.5332% viso laiko
-----
N = 200
Trumpiausias atstumas nuo 0 iki 100 yra lygus 7
Trumpiausias Kelias: 0 -> 130 -> 181 -> 100

Laikas 0.0984659
Visas laikas 0.0999868
Skaičiavimai vyko 98.4789% viso laiko
-----
N = 400
Trumpiausias atstumas nuo 0 iki 200 yra lygus 7
Trumpiausias Kelias: 0 -> 63 -> 309 -> 365 -> 200

Laikas 0.644912
Visas laikas 0.650798
Skaičiavimai vyko 99.0956% viso laiko
-----
N = 800
Trumpiausias atstumas nuo 0 iki 400 yra lygus 1
Trumpiausias Kelias: 0 -> 400

Laikas 4.80333
Visas laikas 4.82808
Skaičiavimai vyko 99.4874% viso laiko
-----
N = 1600
Trumpiausias atstumas nuo 0 iki 800 yra lygus 3
Trumpiausias Kelias: 0 -> 400 -> 1125 -> 800

Laikas 224.824
Visas laikas 224.916
Skaičiavimai vyko 99.959% viso laiko
-----
=>> PBS: job killed: walltime 629 exceeded limit 600
mpirun: killing job...

--------------------------------------------------------------------------
mpirun noticed that process rank 0 with PID 22098 on node quad-0-8.local exited on signal 0 (Unknown signal 0).
--------------------------------------------------------------------------
mpirun: clean termination accomplished

2 total processes killed (some possibly by mpirun during cleanup)

Epilogue Initiated
Starting cpuspeed daemon
Enabling ondemand cpu frequency scaling: [  OK  ]
Removing /scratch/PBS_TEMP_45472.vilkas.vgtu.lt on node(s): quad-0-8 quad-0-7
Floaters flushed on node(s):
Epilogue Complete
