Prologue Initiated
Stopping cpuspeed daemon

Creating temporary directory /scratch/PBS_TEMP_45473.vilkas.vgtu.lt on node(s): quad-0-8 quad-0-7
Prologue Complete

Starting Job:
Sat Apr 28 21:47:59 EEST 2018

Running script on...
quad-0-8.local

Allocated nodes:
quad-0-8
quad-0-7


-----

-----
N = 50
Trumpiausias atstumas nuo 0 iki 25 yra lygus 37
Trumpiausias Kelias: 0 -> 26 -> 43 -> 25

Laikas 0.014231
Visas laikas 0.014441
Skaičiavimai vyko 98.5455% viso laiko
-----
N = 100
Trumpiausias atstumas nuo 0 iki 50 yra lygus 6
Trumpiausias Kelias: 0 -> 63 -> 50

Laikas 0.0308549
Visas laikas 0.031312
Skaičiavimai vyko 98.5403% viso laiko
-----
N = 200
Trumpiausias atstumas nuo 0 iki 100 yra lygus 7
Trumpiausias Kelias: 0 -> 130 -> 181 -> 100

Laikas 0.0989368
Visas laikas 0.100537
Skaičiavimai vyko 98.4083% viso laiko
-----
N = 400
Trumpiausias atstumas nuo 0 iki 200 yra lygus 7
Trumpiausias Kelias: 0 -> 63 -> 309 -> 365 -> 200

Laikas 0.641895
Visas laikas 0.648427
Skaičiavimai vyko 98.9926% viso laiko
-----
N = 800
Trumpiausias atstumas nuo 0 iki 400 yra lygus 1
Trumpiausias Kelias: 0 -> 400

Laikas 22.6133
Visas laikas 22.638
Skaičiavimai vyko 99.8908% viso laiko
-----
N = 1600
Trumpiausias atstumas nuo 0 iki 800 yra lygus 3
Trumpiausias Kelias: 0 -> 400 -> 1125 -> 800

Laikas 393.947
Visas laikas 394.04
Skaičiavimai vyko 99.9765% viso laiko
-----
=>> PBS: job killed: walltime 629 exceeded limit 600
mpirun: killing job...

--------------------------------------------------------------------------
mpirun noticed that process rank 0 with PID 22096 on node quad-0-8.local exited on signal 0 (Unknown signal 0).
--------------------------------------------------------------------------
mpirun: clean termination accomplished

2 total processes killed (some possibly by mpirun during cleanup)

Epilogue Initiated
Starting cpuspeed daemon
Removing /scratch/PBS_TEMP_45473.vilkas.vgtu.lt on node(s): quad-0-8 quad-0-7
Floaters flushed on node(s):
Epilogue Complete
