Prologue Initiated
Stopping cpuspeed daemon
Disabling ondemand cpu frequency scaling: [  OK  ]
Creating temporary directory /scratch/PBS_TEMP_45489.vilkas.vgtu.lt on node(s): quad-0-8 quad-0-7
Prologue Complete

Starting Job:
Sat Apr 28 22:13:15 EEST 2018

Running script on...
quad-0-8.local

Allocated nodes:
quad-0-8
quad-0-7


-----

-----
N = 50
Trumpiausias atstumas nuo 0 iki 25 yra lygus 37
Trumpiausias Kelias: 0 -> 26 -> 43 -> 36 -> 6 -> 25

Laikas 0.285511
Visas laikas 0.285847
Skaičiavimai vyko 99.8825% viso laiko
-----
N = 50
Trumpiausias atstumas nuo 0 iki 25 yra lygus 37
Trumpiausias Kelias: 0 -> 26 -> 43 -> 36 -> 6 -> 25

Laikas 0.490725
Visas laikas 0.49106
Skaičiavimai vyko 99.9318% viso laiko
-----
N = 100
Trumpiausias atstumas nuo 0 iki 50 yra lygus 6
Trumpiausias Kelias: 0 -> 63 -> 31 -> 50

Laikas 0.332231
Visas laikas 0.3332
Skaičiavimai vyko 99.7092% viso laiko
-----
N = 100
Trumpiausias atstumas nuo 0 iki 50 yra lygus 6
Trumpiausias Kelias: 0 -> 63 -> 31 -> 50

Laikas 0.588079
Visas laikas 0.589042
Skaičiavimai vyko 99.8365% viso laiko
-----
N = 200
Trumpiausias atstumas nuo 0 iki 100 yra lygus 7
Trumpiausias Kelias: 0 -> 130 -> 181 -> 163 -> 102 -> 35 -> 100

Laikas 0.740911
Visas laikas 0.744399
Skaičiavimai vyko 99.5314% viso laiko
-----
N = 200
Trumpiausias atstumas nuo 0 iki 100 yra lygus 7
Trumpiausias Kelias: 0 -> 130 -> 181 -> 163 -> 102 -> 35 -> 100

Laikas 0.562356
Visas laikas 0.565799
Skaičiavimai vyko 99.3915% viso laiko
-----
N = 400
Trumpiausias atstumas nuo 0 iki 200 yra lygus 7
Trumpiausias Kelias: 0 -> 63 -> 309 -> 365 -> 359 -> 200

Laikas 0.937533
Visas laikas 0.950926
Skaičiavimai vyko 98.5916% viso laiko
-----
N = 400
Trumpiausias atstumas nuo 0 iki 200 yra lygus 7
Trumpiausias Kelias: 0 -> 63 -> 309 -> 365 -> 359 -> 200

Laikas 0.697744
Visas laikas 0.711092
Skaičiavimai vyko 98.1229% viso laiko
-----
N = 800
Trumpiausias atstumas nuo 0 iki 400 yra lygus 1
Trumpiausias Kelias: 0 -> 400

Laikas 3.99184
Visas laikas 4.04893
Skaičiavimai vyko 98.59% viso laiko
-----
N = 800
Trumpiausias atstumas nuo 0 iki 400 yra lygus 1
Trumpiausias Kelias: 0 -> 400

Laikas 4.18312
Visas laikas 4.23704
Skaičiavimai vyko 98.7273% viso laiko
-----
N = 1600
Trumpiausias atstumas nuo 0 iki 800 yra lygus 3
Trumpiausias Kelias: 0 -> 400 -> 1125 -> 800

Laikas 46.3987
Visas laikas 46.6157
Skaičiavimai vyko 99.5344% viso laiko
-----

N = 1600
Trumpiausias atstumas nuo 0 iki 800 yra lygus 3
Trumpiausias Kelias: 0 -> 400 -> 1125 -> 800

Laikas 57.9414
Visas laikas 58.1555
Skaičiavimai vyko 99.6318% viso laiko
-----


Job finished:
Sat Apr 28 22:14:20 EEST 2018

Epilogue Initiated
Starting cpuspeed daemon
Enabling ondemand cpu frequency scaling: [  OK  ]
Removing /scratch/PBS_TEMP_45489.vilkas.vgtu.lt on node(s): quad-0-8 quad-0-7
Floaters flushed on node(s):
Epilogue Complete
