Prologue Initiated
Stopping cpuspeed daemon
Disabling ondemand cpu frequency scaling: [  OK  ]
Creating temporary directory /scratch/PBS_TEMP_45477.vilkas.vgtu.lt on node(s): quad-0-8 quad-0-7
Prologue Complete

Starting Job:
Sat Apr 28 21:58:39 EEST 2018

Running script on...
quad-0-8.local

Allocated nodes:
quad-0-8
quad-0-7


-----

-----
N = 50
Trumpiausias atstumas nuo 0 iki 25 yra lygus 37
Trumpiausias Kelias: 0 -> 26 -> 43 -> 36 -> 6 -> 25

Laikas 0.509199
Visas laikas 0.50947
Skaičiavimai vyko 99.9468% viso laiko
-----
N = 50
Trumpiausias atstumas nuo 0 iki 25 yra lygus 37
Trumpiausias Kelias: 0 -> 26 -> 43 -> 36 -> 6 -> 25

Laikas 0.502422
Visas laikas 0.502707
Skaičiavimai vyko 99.9433% viso laiko
-----
N = 100
Trumpiausias atstumas nuo 0 iki 50 yra lygus 6
Trumpiausias Kelias: 0 -> 63 -> 31 -> 50

Laikas 0.987215
Visas laikas 0.988117
Skaičiavimai vyko 99.9087% viso laiko
-----
N = 100
Trumpiausias atstumas nuo 0 iki 50 yra lygus 6
Trumpiausias Kelias: 0 -> 63 -> 31 -> 50

Laikas 1.11999
Visas laikas 1.12089
Skaičiavimai vyko 99.9197% viso laiko
-----
N = 200
Trumpiausias atstumas nuo 0 iki 100 yra lygus 7
Trumpiausias Kelias: 0 -> 130 -> 181 -> 163 -> 102 -> 35 -> 100

Laikas 2.08986
Visas laikas 2.09328
Skaičiavimai vyko 99.8366% viso laiko
-----
N = 200
Trumpiausias atstumas nuo 0 iki 100 yra lygus 7
Trumpiausias Kelias: 0 -> 130 -> 181 -> 163 -> 102 -> 35 -> 100

Laikas 2.14398
Visas laikas 2.14739
Skaičiavimai vyko 99.8413% viso laiko
-----
N = 400
Trumpiausias atstumas nuo 0 iki 200 yra lygus 7
Trumpiausias Kelias: 0 -> 63 -> 309 -> 365 -> 359 -> 200

Laikas 4.78539
Visas laikas 4.79884
Skaičiavimai vyko 99.7196% viso laiko
-----
N = 400
Trumpiausias atstumas nuo 0 iki 200 yra lygus 7
Trumpiausias Kelias: 0 -> 63 -> 309 -> 365 -> 359 -> 200

Laikas 5.43668
Visas laikas 5.4502
Skaičiavimai vyko 99.752% viso laiko
-----
N = 800
Trumpiausias atstumas nuo 0 iki 400 yra lygus 1
Trumpiausias Kelias: 0 -> 400

Laikas 18.8703
Visas laikas 18.9238
Skaičiavimai vyko 99.7173% viso laiko
-----
N = 800
Trumpiausias atstumas nuo 0 iki 400 yra lygus 1
Trumpiausias Kelias: 0 -> 400

Laikas 30.1015
Visas laikas 30.155
Skaičiavimai vyko 99.8226% viso laiko
-----
N = 1600
Trumpiausias atstumas nuo 0 iki 800 yra lygus 3
Trumpiausias Kelias: 0 -> 400 -> 1125 -> 800

Laikas 140.95
Visas laikas 141.166
Skaičiavimai vyko 99.8474% viso laiko
-----
N = 1600
Trumpiausias atstumas nuo 0 iki 800 yra lygus 3
Trumpiausias Kelias: 0 -> 400 -> 1125 -> 800

Laikas 141.362
Visas laikas 141.676
Skaičiavimai vyko 99.7788% viso laiko
-----
=>> PBS: job killed: walltime 619 exceeded limit 600
mpirun: killing job...


Epilogue Initiated
Starting cpuspeed daemon
Enabling ondemand cpu frequency scaling: [  OK  ]
Removing /scratch/PBS_TEMP_45477.vilkas.vgtu.lt on node(s): quad-0-8 quad-0-7
Floaters flushed on node(s):
Epilogue Complete
