Prologue Initiated
Stopping cpuspeed daemon

Creating temporary directory /scratch/PBS_TEMP_45478.vilkas.vgtu.lt on node(s): quad-0-8 quad-0-7
Prologue Complete

Starting Job:
Sat Apr 28 21:58:44 EEST 2018

Running script on...
quad-0-8.local

Allocated nodes:
quad-0-8
quad-0-7


-----

-----
N = 50
Trumpiausias atstumas nuo 0 iki 25 yra lygus 37
Trumpiausias Kelias: 0 -> 26 -> 43 -> 36 -> 6 -> 25

Laikas 0.509348
Visas laikas 0.509637
Skaičiavimai vyko 99.9433% viso laiko
-----
N = 50
Trumpiausias atstumas nuo 0 iki 25 yra lygus 37
Trumpiausias Kelias: 0 -> 26 -> 43 -> 36 -> 6 -> 25

Laikas 0.743048
Visas laikas 0.743326
Skaičiavimai vyko 99.9626% viso laiko
-----
N = 100
Trumpiausias atstumas nuo 0 iki 50 yra lygus 6
Trumpiausias Kelias: 0 -> 63 -> 31 -> 50

Laikas 0.980955
Visas laikas 0.981842
Skaičiavimai vyko 99.9097% viso laiko
-----
N = 100
Trumpiausias atstumas nuo 0 iki 50 yra lygus 6
Trumpiausias Kelias: 0 -> 63 -> 31 -> 50

Laikas 1.4102
Visas laikas 1.4111
Skaičiavimai vyko 99.936% viso laiko
-----
N = 200
Trumpiausias atstumas nuo 0 iki 100 yra lygus 7
Trumpiausias Kelias: 0 -> 130 -> 181 -> 163 -> 102 -> 35 -> 100

Laikas 3.12597
Visas laikas 3.12934
Skaičiavimai vyko 99.8924% viso laiko
-----
N = 200
Trumpiausias atstumas nuo 0 iki 100 yra lygus 7
Trumpiausias Kelias: 0 -> 130 -> 181 -> 163 -> 102 -> 35 -> 100

Laikas 3.10976
Visas laikas 3.11643
Skaičiavimai vyko 99.7861% viso laiko
-----
N = 400
Trumpiausias atstumas nuo 0 iki 200 yra lygus 7
Trumpiausias Kelias: 0 -> 63 -> 309 -> 365 -> 359 -> 200

Laikas 6.91513
Visas laikas 6.93004
Skaičiavimai vyko 99.7847% viso laiko
-----
N = 400
Trumpiausias atstumas nuo 0 iki 200 yra lygus 7
Trumpiausias Kelias: 0 -> 63 -> 309 -> 365 -> 359 -> 200

Laikas 6.3967
Visas laikas 6.41348
Skaičiavimai vyko 99.7383% viso laiko
-----
N = 800
Trumpiausias atstumas nuo 0 iki 400 yra lygus 1
Trumpiausias Kelias: 0 -> 400

Laikas 27.5405
Visas laikas 27.5939
Skaičiavimai vyko 99.8066% viso laiko
-----
N = 800
Trumpiausias atstumas nuo 0 iki 400 yra lygus 1
Trumpiausias Kelias: 0 -> 400

Laikas 28.7108
Visas laikas 28.7644
Skaičiavimai vyko 99.8137% viso laiko
-----
N = 1600
Trumpiausias atstumas nuo 0 iki 800 yra lygus 3
Trumpiausias Kelias: 0 -> 400 -> 1125 -> 800

Laikas 144.467
Visas laikas 144.681
Skaičiavimai vyko 99.8525% viso laiko
-----
N = 1600
Trumpiausias atstumas nuo 0 iki 800 yra lygus 3
Trumpiausias Kelias: 0 -> 400 -> 1125 -> 800

Laikas 157.863
Visas laikas 158.077
Skaičiavimai vyko 99.8646% viso laiko
-----
=>> PBS: job killed: walltime 618 exceeded limit 600
mpirun: killing job...

--------------------------------------------------------------------------
mpirun was unable to cleanly terminate the daemons on the nodes shown
below. Additional manual cleanup may be required - please refer to
the "orte-clean" tool for assistance.
--------------------------------------------------------------------------
	quad-0-7

Epilogue Initiated
Starting cpuspeed daemon
Enabling ondemand cpu frequency scaling: [  OK  ]
Removing /scratch/PBS_TEMP_45478.vilkas.vgtu.lt on node(s): quad-0-8 quad-0-7
Floaters flushed on node(s):
Epilogue Complete
