Prologue Initiated
Stopping cpuspeed daemon
Disabling ondemand cpu frequency scaling: [  OK  ]
Creating temporary directory /scratch/PBS_TEMP_45481.vilkas.vgtu.lt on node(s): quad-0-8 quad-0-7
Prologue Complete

Starting Job:
Sat Apr 28 22:08:59 EEST 2018

Running script on...
quad-0-8.local

Allocated nodes:
quad-0-8
quad-0-7


-----
N = 50
Trumpiausias atstumas nuo 0 iki 25 yra lygus 37
Trumpiausias Kelias: 0 -> 26 -> 43 -> 36 -> 6 -> 25

Laikas 0.003187
Visas laikas 0.003372
Skaičiavimai vyko 94.5136% viso laiko
-----

-----
N = 50
Trumpiausias atstumas nuo 0 iki 25 yra lygus 37
Trumpiausias Kelias: 0 -> 26 -> 43 -> 36 -> 6 -> 25

Laikas 0.003198
Visas laikas 0.003376
Skaičiavimai vyko 94.7275% viso laiko
-----
N = 100
Trumpiausias atstumas nuo 0 iki 50 yra lygus 6
Trumpiausias Kelias: 0 -> 63 -> 31 -> 50

Laikas 0.025263
Visas laikas 0.025686
Skaičiavimai vyko 98.3532% viso laiko
-----
N = 100
Trumpiausias atstumas nuo 0 iki 50 yra lygus 6
Trumpiausias Kelias: 0 -> 63 -> 31 -> 50

Laikas 0.025235
Visas laikas 0.025638
Skaičiavimai vyko 98.4281% viso laiko
-----
N = 200
Trumpiausias atstumas nuo 0 iki 100 yra lygus 7
Trumpiausias Kelias: 0 -> 130 -> 181 -> 163 -> 102 -> 35 -> 100

Laikas 0.20043
Visas laikas 0.201968
Skaičiavimai vyko 99.2385% viso laiko
-----
N = 200
Trumpiausias atstumas nuo 0 iki 100 yra lygus 7
Trumpiausias Kelias: 0 -> 130 -> 181 -> 163 -> 102 -> 35 -> 100

Laikas 0.203074
Visas laikas 0.204628
Skaičiavimai vyko 99.2406% viso laiko
-----
N = 400
Trumpiausias atstumas nuo 0 iki 200 yra lygus 7
Trumpiausias Kelias: 0 -> 63 -> 309 -> 365 -> 359 -> 200

Laikas 1.60142
Visas laikas 1.6075
Skaičiavimai vyko 99.6216% viso laiko
-----
N = 400
Trumpiausias atstumas nuo 0 iki 200 yra lygus 7
Trumpiausias Kelias: 0 -> 63 -> 309 -> 365 -> 359 -> 200

Laikas 1.61649
Visas laikas 1.62243
Skaičiavimai vyko 99.6336% viso laiko
-----
N = 800
Trumpiausias atstumas nuo 0 iki 400 yra lygus 1
Trumpiausias Kelias: 0 -> 400

Laikas 12.935
Visas laikas 12.9605
Skaičiavimai vyko 99.8029% viso laiko
-----
N = 800
Trumpiausias atstumas nuo 0 iki 400 yra lygus 1
Trumpiausias Kelias: 0 -> 400

Laikas 12.9488
Visas laikas 12.9732
Skaičiavimai vyko 99.8116% viso laiko
-----
N = 1600
Trumpiausias atstumas nuo 0 iki 800 yra lygus 3
Trumpiausias Kelias: 0 -> 400 -> 1125 -> 800

Laikas 102.628
Visas laikas 102.731
Skaičiavimai vyko 99.8995% viso laiko
-----

N = 1600
Trumpiausias atstumas nuo 0 iki 800 yra lygus 3
Trumpiausias Kelias: 0 -> 400 -> 1125 -> 800

Laikas 102.67
Visas laikas 102.769
Skaičiavimai vyko 99.904% viso laiko
-----


Job finished:
Sat Apr 28 22:10:58 EEST 2018

Epilogue Initiated
Starting cpuspeed daemon
Enabling ondemand cpu frequency scaling: [  OK  ]
Removing /scratch/PBS_TEMP_45481.vilkas.vgtu.lt on node(s): quad-0-8 quad-0-7
Floaters flushed on node(s):
Epilogue Complete
