Prologue Initiated
Stopping cpuspeed daemon

Creating temporary directory /scratch/PBS_TEMP_45486.vilkas.vgtu.lt on node(s): quad-0-8 quad-0-7
Prologue Complete

Starting Job:
Sat Apr 28 22:11:02 EEST 2018

Running script on...
quad-0-8.local

Allocated nodes:
quad-0-8
quad-0-7


-----

-----
N = 50
Trumpiausias atstumas nuo 0 iki 25 yra lygus 37
Trumpiausias Kelias: 0 -> 26 -> 43 -> 36 -> 6 -> 25

Laikas 0.181223
Visas laikas 0.181427
Skaičiavimai vyko 99.8876% viso laiko
-----
N = 50
Trumpiausias atstumas nuo 0 iki 25 yra lygus 37
Trumpiausias Kelias: 0 -> 26 -> 43 -> 36 -> 6 -> 25

Laikas 0.362241
Visas laikas 0.362475
Skaičiavimai vyko 99.9354% viso laiko
-----
N = 100
Trumpiausias atstumas nuo 0 iki 50 yra lygus 6
Trumpiausias Kelias: 0 -> 63 -> 31 -> 50

Laikas 0.338066
Visas laikas 0.33898
Skaičiavimai vyko 99.7304% viso laiko
-----
N = 100
Trumpiausias atstumas nuo 0 iki 50 yra lygus 6
Trumpiausias Kelias: 0 -> 63 -> 31 -> 50

Laikas 0.598342
Visas laikas 0.599248
Skaičiavimai vyko 99.8488% viso laiko
-----
N = 200
Trumpiausias atstumas nuo 0 iki 100 yra lygus 7
Trumpiausias Kelias: 0 -> 130 -> 181 -> 163 -> 102 -> 35 -> 100

Laikas 0.78629
Visas laikas 0.789657
Skaičiavimai vyko 99.5736% viso laiko
-----
N = 200
Trumpiausias atstumas nuo 0 iki 100 yra lygus 7
Trumpiausias Kelias: 0 -> 130 -> 181 -> 163 -> 102 -> 35 -> 100

Laikas 1.40115
Visas laikas 1.40458
Skaičiavimai vyko 99.7559% viso laiko
-----
N = 400
Trumpiausias atstumas nuo 0 iki 200 yra lygus 7
Trumpiausias Kelias: 0 -> 63 -> 309 -> 365 -> 359 -> 200

Laikas 4.22673
Visas laikas 4.24012
Skaičiavimai vyko 99.6842% viso laiko
-----
N = 400
Trumpiausias atstumas nuo 0 iki 200 yra lygus 7
Trumpiausias Kelias: 0 -> 63 -> 309 -> 365 -> 359 -> 200

Laikas 4.2252
Visas laikas 4.23858
Skaičiavimai vyko 99.6844% viso laiko
-----
N = 800
Trumpiausias atstumas nuo 0 iki 400 yra lygus 1
Trumpiausias Kelias: 0 -> 400

Laikas 18.054
Visas laikas 18.1095
Skaičiavimai vyko 99.6935% viso laiko
-----
N = 800
Trumpiausias atstumas nuo 0 iki 400 yra lygus 1
Trumpiausias Kelias: 0 -> 400

Laikas 18.098
Visas laikas 18.1519
Skaičiavimai vyko 99.703% viso laiko
-----
N = 1600
Trumpiausias atstumas nuo 0 iki 800 yra lygus 3
Trumpiausias Kelias: 0 -> 400 -> 1125 -> 800

Laikas 104.371
Visas laikas 104.587
Skaičiavimai vyko 99.7941% viso laiko
-----

N = 1600
Trumpiausias atstumas nuo 0 iki 800 yra lygus 3
Trumpiausias Kelias: 0 -> 400 -> 1125 -> 800

Laikas 104.416
Visas laikas 104.633
Skaičiavimai vyko 99.7935% viso laiko
-----


Job finished:
Sat Apr 28 22:13:12 EEST 2018

Epilogue Initiated
Starting cpuspeed daemon
Removing /scratch/PBS_TEMP_45486.vilkas.vgtu.lt on node(s): quad-0-8 quad-0-7
Floaters flushed on node(s):
Epilogue Complete
