Prologue Initiated
Stopping cpuspeed daemon

Creating temporary directory /scratch/PBS_TEMP_45509.vilkas.vgtu.lt on node(s): quad-0-9 quad-0-8
Prologue Complete

Starting Job:
Sun Apr 29 13:22:31 EEST 2018

Running script on...
quad-0-9.local

Allocated nodes:
quad-0-9
quad-0-8

>-----
Trumpiausias atstumas nuo 0 iki 50 yra lygus 6
N=100;t=0.494103;T=0.49458;d=99.9036%
>-----
Trumpiausias atstumas nuo 0 iki 50 yra lygus 6
N=100;t=0.504899;T=0.505344;d=99.9119%
-----
Trumpiausias atstumas nuo 0 iki 100 yra lygus 7
N=200;t=1.01015;T=1.01302;d=99.7169%
-----
Trumpiausias atstumas nuo 0 iki 100 yra lygus 7
N=200;t=1.01635;T=1.01922;d=99.7189%
-----
Trumpiausias atstumas nuo 0 iki 150 yra lygus 9
N=300;t=1.59183;T=1.59818;d=99.6027%
-----
Trumpiausias atstumas nuo 0 iki 150 yra lygus 9
N=300;t=1.58821;T=1.59454;d=99.603%
-----
Trumpiausias atstumas nuo 0 iki 200 yra lygus 7
N=400;t=2.2295;T=2.2407;d=99.5002%
-----
Trumpiausias atstumas nuo 0 iki 200 yra lygus 7
N=400;t=2.25356;T=2.26481;d=99.5034%
-----
Trumpiausias atstumas nuo 0 iki 250 yra lygus 3
N=500;t=2.89608;T=2.91384;d=99.3903%
-----
Trumpiausias atstumas nuo 0 iki 250 yra lygus 3
N=500;t=3.05161;T=3.06948;d=99.4178%
-----
Trumpiausias atstumas nuo 0 iki 300 yra lygus 5
N=600;t=3.94528;T=3.97168;d=99.3352%
-----
Trumpiausias atstumas nuo 0 iki 300 yra lygus 5
N=600;t=3.98134;T=4.00802;d=99.3342%
-----
Trumpiausias atstumas nuo 0 iki 350 yra lygus 5
N=700;t=5.1593;T=5.1951;d=99.3109%
-----
Trumpiausias atstumas nuo 0 iki 350 yra lygus 5
N=700;t=5.15347;T=5.18785;d=99.3374%
-----
Trumpiausias atstumas nuo 0 iki 400 yra lygus 1
N=800;t=6.51871;T=6.565;d=99.2949%
-----
Trumpiausias atstumas nuo 0 iki 400 yra lygus 1
N=800;t=6.50236;T=6.54896;d=99.2884%
-----
Trumpiausias atstumas nuo 0 iki 450 yra lygus 5
N=900;t=8.13685;T=8.19374;d=99.3057%
-----
Trumpiausias atstumas nuo 0 iki 450 yra lygus 5
N=900;t=8.10923;T=8.167;d=99.2926%
-----
Trumpiausias atstumas nuo 0 iki 500 yra lygus 4
N=1000;t=10.0476;T=10.1697;d=98.7998%
-----
Trumpiausias atstumas nuo 0 iki 500 yra lygus 4
N=1000;t=9.97145;T=10.0447;d=99.271%
-----
Trumpiausias atstumas nuo 0 iki 550 yra lygus 4
N=1100;t=12.2675;T=12.3987;d=98.9421%
-----
Trumpiausias atstumas nuo 0 iki 550 yra lygus 4
N=1100;t=12.2083;T=12.3042;d=99.2202%
-----
Trumpiausias atstumas nuo 0 iki 600 yra lygus 4
N=1200;t=14.8098;T=14.9217;d=99.2499%
-----
Trumpiausias atstumas nuo 0 iki 600 yra lygus 4
N=1200;t=14.7636;T=14.8694;d=99.2878%
-----
Trumpiausias atstumas nuo 0 iki 650 yra lygus 4
N=1300;t=17.6839;T=17.8127;d=99.2769%
-----
Trumpiausias atstumas nuo 0 iki 650 yra lygus 4
N=1300;t=17.7322;T=17.8814;d=99.1657%
-----
Trumpiausias atstumas nuo 0 iki 700 yra lygus 4
N=1400;t=21.0594;T=21.2014;d=99.3299%
-----
Trumpiausias atstumas nuo 0 iki 700 yra lygus 4
N=1400;t=21.0624;T=21.2076;d=99.315%
-----
Trumpiausias atstumas nuo 0 iki 750 yra lygus 3
N=1500;t=24.8665;T=25.0337;d=99.332%
-----
Trumpiausias atstumas nuo 0 iki 750 yra lygus 3
N=1500;t=24.8888;T=25.0607;d=99.3142%
-----
Trumpiausias atstumas nuo 0 iki 800 yra lygus 3
N=1600;t=29.1491;T=29.3411;d=99.3455%
-----
Trumpiausias atstumas nuo 0 iki 800 yra lygus 3
N=1600;t=29.1485;T=29.4691;d=98.9122%
-----
Trumpiausias atstumas nuo 0 iki 850 yra lygus 4
N=1700;t=33.8375;T=34.0791;d=99.2912%
-----
Trumpiausias atstumas nuo 0 iki 850 yra lygus 4
N=1700;t=33.8901;T=34.1509;d=99.2364%
-----
Trumpiausias atstumas nuo 0 iki 900 yra lygus 4
N=1800;t=39.0754;T=39.3406;d=99.3257%
-----
Trumpiausias atstumas nuo 0 iki 900 yra lygus 4
N=1800;t=39.4391;T=39.7142;d=99.3072%
-----
Trumpiausias atstumas nuo 0 iki 950 yra lygus 4
N=1900;t=44.9381;T=45.2017;d=99.4169%
-----
Trumpiausias atstumas nuo 0 iki 950 yra lygus 4
N=1900;t=45.0489;T=45.3435;d=99.3502%
-----
Trumpiausias atstumas nuo 0 iki 1000 yra lygus 4
N=2000;t=51.5607;T=51.88;d=99.3845%
-----<
-----
Trumpiausias atstumas nuo 0 iki 1000 yra lygus 4
N=2000;t=50.8496;T=51.2503;d=99.2181%
-----<

Job finished:
Sun Apr 29 13:28:05 EEST 2018

Epilogue Initiated
Starting cpuspeed daemon
Removing /scratch/PBS_TEMP_45509.vilkas.vgtu.lt on node(s): quad-0-9 quad-0-8
Floaters flushed on node(s):
Epilogue Complete
