Prologue Initiated
Stopping cpuspeed daemon

Creating temporary directory /scratch/PBS_TEMP_45514.vilkas.vgtu.lt on node(s): quad-0-7 quad-0-6
Prologue Complete

Starting Job:
Sun Apr 29 13:22:31 EEST 2018

Running script on...
quad-0-7.local

Allocated nodes:
quad-0-7
quad-0-6

>-----
Trumpiausias atstumas nuo 0 iki 50 yra lygus 6
N=100;t=0.005803;T=0.006267;d=92.5961%
-----
Trumpiausias atstumas nuo 0 iki 100 yra lygus 7
N=200;t=0.042684;T=0.043941;d=97.1393%
>-----
Trumpiausias atstumas nuo 0 iki 50 yra lygus 6
N=100;t=0.014065;T=0.014547;d=96.6866%
-----
Trumpiausias atstumas nuo 0 iki 150 yra lygus 9
N=300;t=0.138099;T=0.140799;d=98.0824%
-----
Trumpiausias atstumas nuo 0 iki 100 yra lygus 7
N=200;t=0.085455;T=0.088369;d=96.7025%
-----
Trumpiausias atstumas nuo 0 iki 150 yra lygus 9
N=300;t=0.278447;T=0.284317;d=97.9354%
-----
Trumpiausias atstumas nuo 0 iki 200 yra lygus 7
N=400;t=0.324706;T=0.329562;d=98.5265%
-----
Trumpiausias atstumas nuo 0 iki 200 yra lygus 7
N=400;t=0.638265;T=0.647863;d=98.5185%
-----
Trumpiausias atstumas nuo 0 iki 250 yra lygus 3
N=500;t=1.05725;T=1.06508;d=99.265%
-----
Trumpiausias atstumas nuo 0 iki 250 yra lygus 3
N=500;t=1.20208;T=1.22128;d=98.4279%
-----
Trumpiausias atstumas nuo 0 iki 300 yra lygus 5
N=600;t=2.40939;T=2.43257;d=99.0472%
-----
Trumpiausias atstumas nuo 0 iki 300 yra lygus 5
N=600;t=2.16587;T=2.1877;d=99.0021%
-----
Trumpiausias atstumas nuo 0 iki 350 yra lygus 5
N=700;t=3.70008;T=3.73094;d=99.1729%
-----
Trumpiausias atstumas nuo 0 iki 350 yra lygus 5
N=700;t=3.49451;T=3.52424;d=99.1564%
-----
Trumpiausias atstumas nuo 0 iki 400 yra lygus 1
N=800;t=5.1319;T=5.17457;d=99.1754%
-----
Trumpiausias atstumas nuo 0 iki 400 yra lygus 1
N=800;t=5.16639;T=5.20645;d=99.2306%
-----
Trumpiausias atstumas nuo 0 iki 450 yra lygus 5
N=900;t=7.39138;T=7.44145;d=99.3272%
-----
Trumpiausias atstumas nuo 0 iki 450 yra lygus 5
N=900;t=7.23848;T=7.28723;d=99.3309%
-----
Trumpiausias atstumas nuo 0 iki 500 yra lygus 4
N=1000;t=9.72477;T=9.79012;d=99.3324%
-----
Trumpiausias atstumas nuo 0 iki 500 yra lygus 4
N=1000;t=10.3587;T=10.4184;d=99.4272%
-----
Trumpiausias atstumas nuo 0 iki 550 yra lygus 4
N=1100;t=12.7629;T=12.8408;d=99.3935%
-----
Trumpiausias atstumas nuo 0 iki 550 yra lygus 4
N=1100;t=12.6692;T=12.7447;d=99.4075%
-----
Trumpiausias atstumas nuo 0 iki 600 yra lygus 4
N=1200;t=16.2607;T=16.3526;d=99.4381%
-----
Trumpiausias atstumas nuo 0 iki 600 yra lygus 4
N=1200;t=16.2112;T=16.2976;d=99.4698%
-----
Trumpiausias atstumas nuo 0 iki 650 yra lygus 4
N=1300;t=20.3643;T=20.4615;d=99.5249%
-----
Trumpiausias atstumas nuo 0 iki 650 yra lygus 4
N=1300;t=20.4866;T=20.5886;d=99.5045%
-----
Trumpiausias atstumas nuo 0 iki 700 yra lygus 4
N=1400;t=25.657;T=25.7738;d=99.5468%
-----
Trumpiausias atstumas nuo 0 iki 700 yra lygus 4
N=1400;t=26.1996;T=26.3188;d=99.5472%
-----
Trumpiausias atstumas nuo 0 iki 750 yra lygus 3
N=1500;t=30.3891;T=30.5287;d=99.5427%
-----
Trumpiausias atstumas nuo 0 iki 750 yra lygus 3
N=1500;t=39.6293;T=39.762;d=99.6662%
-----
Trumpiausias atstumas nuo 0 iki 800 yra lygus 3
N=1600;t=39.7356;T=39.8987;d=99.5912%
-----
Trumpiausias atstumas nuo 0 iki 800 yra lygus 3
N=1600;t=41.6828;T=41.8361;d=99.6334%
-----
Trumpiausias atstumas nuo 0 iki 850 yra lygus 4
N=1700;t=44.7645;T=44.9316;d=99.6281%
-----
Trumpiausias atstumas nuo 0 iki 850 yra lygus 4
N=1700;t=43.4247;T=43.5985;d=99.6012%
-----
Trumpiausias atstumas nuo 0 iki 900 yra lygus 4
N=1800;t=58.989;T=59.18;d=99.6774%
-----
Trumpiausias atstumas nuo 0 iki 900 yra lygus 4
N=1800;t=51.3781;T=51.5592;d=99.6488%
-----
Trumpiausias atstumas nuo 0 iki 950 yra lygus 4
N=1900;t=44.2468;T=44.4842;d=99.4664%
-----
Trumpiausias atstumas nuo 0 iki 950 yra lygus 4
N=1900;t=49.8799;T=50.0778;d=99.6047%
-----
Trumpiausias atstumas nuo 0 iki 1000 yra lygus 4
N=2000;t=44.2106;T=44.3508;d=99.6838%
-----<
-----
Trumpiausias atstumas nuo 0 iki 1000 yra lygus 4
N=2000;t=44.3605;T=44.5022;d=99.6816%
-----<

Job finished:
Sun Apr 29 13:28:49 EEST 2018

Epilogue Initiated
Starting cpuspeed daemon
Enabling ondemand cpu frequency scaling: [  OK  ]
Removing /scratch/PBS_TEMP_45514.vilkas.vgtu.lt on node(s): quad-0-7 quad-0-6
Floaters flushed on node(s):
Epilogue Complete
