Prologue Initiated
Stopping cpuspeed daemon
Disabling ondemand cpu frequency scaling: [  OK  ]
Creating temporary directory /scratch/PBS_TEMP_45522.vilkas.vgtu.lt on node(s): quad-0-7 quad-0-6
Prologue Complete

Starting Job:
Sun Apr 29 13:28:50 EEST 2018

Running script on...
quad-0-7.local

Allocated nodes:
quad-0-7
quad-0-6

>-----
Trumpiausias atstumas nuo 0 iki 50 yra lygus 6
N=100;t=0.456484;T=0.456975;d=99.8926%
>-----
Trumpiausias atstumas nuo 0 iki 50 yra lygus 6
N=100;t=0.653906;T=0.654452;d=99.9166%
-----
Trumpiausias atstumas nuo 0 iki 100 yra lygus 7
N=200;t=0.675431;T=0.67851;d=99.5462%
-----
Trumpiausias atstumas nuo 0 iki 100 yra lygus 7
N=200;t=1.08458;T=1.08797;d=99.6881%
-----
Trumpiausias atstumas nuo 0 iki 150 yra lygus 9
N=300;t=0.055039;T=0.062345;d=88.2813%
-----
Trumpiausias atstumas nuo 0 iki 200 yra lygus 7
N=400;t=0.109901;T=0.122762;d=89.5236%
-----
Trumpiausias atstumas nuo 0 iki 250 yra lygus 3
N=500;t=0.210606;T=0.231524;d=90.9651%
-----
Trumpiausias atstumas nuo 0 iki 150 yra lygus 9
N=300;t=1.07049;T=1.07837;d=99.2695%
-----
Trumpiausias atstumas nuo 0 iki 300 yra lygus 5
N=600;t=0.365312;T=0.395948;d=92.2626%
-----
Trumpiausias atstumas nuo 0 iki 350 yra lygus 5
N=700;t=0.615289;T=0.656446;d=93.7303%
-----
Trumpiausias atstumas nuo 0 iki 200 yra lygus 7
N=400;t=1.49686;T=1.5089;d=99.2017%
-----
Trumpiausias atstumas nuo 0 iki 400 yra lygus 1
N=800;t=0.904469;T=0.959171;d=94.297%
-----
Trumpiausias atstumas nuo 0 iki 250 yra lygus 3
N=500;t=0.904507;T=0.924112;d=97.8785%
-----
Trumpiausias atstumas nuo 0 iki 300 yra lygus 5
N=600;t=0.370638;T=0.401524;d=92.3078%
-----
Trumpiausias atstumas nuo 0 iki 350 yra lygus 5
N=700;t=0.602056;T=0.643557;d=93.5513%
-----
Trumpiausias atstumas nuo 0 iki 400 yra lygus 1
N=800;t=0.904223;T=0.957758;d=94.4104%
-----
Trumpiausias atstumas nuo 0 iki 450 yra lygus 5
N=900;t=5.66905;T=5.73833;d=98.7925%
-----
Trumpiausias atstumas nuo 0 iki 450 yra lygus 5
N=900;t=4.51749;T=4.58298;d=98.571%
-----
Trumpiausias atstumas nuo 0 iki 500 yra lygus 4
N=1000;t=6.24137;T=6.3219;d=98.7262%
-----
Trumpiausias atstumas nuo 0 iki 500 yra lygus 4
N=1000;t=13.1752;T=13.2557;d=99.3924%
-----
Trumpiausias atstumas nuo 0 iki 550 yra lygus 4
N=1100;t=14.4039;T=14.4968;d=99.3594%
-----
Trumpiausias atstumas nuo 0 iki 550 yra lygus 4
N=1100;t=14.336;T=14.4299;d=99.3493%
-----
Trumpiausias atstumas nuo 0 iki 600 yra lygus 4
N=1200;t=17.2056;T=17.3163;d=99.361%
-----
Trumpiausias atstumas nuo 0 iki 600 yra lygus 4
N=1200;t=17.2104;T=17.3218;d=99.3566%
-----
Trumpiausias atstumas nuo 0 iki 650 yra lygus 4
N=1300;t=20.2656;T=20.3978;d=99.3518%
-----
Trumpiausias atstumas nuo 0 iki 650 yra lygus 4
N=1300;t=20.4648;T=20.5962;d=99.3619%
-----
Trumpiausias atstumas nuo 0 iki 700 yra lygus 4
N=1400;t=20.8135;T=20.9658;d=99.2735%
mpirun: killing job...

--------------------------------------------------------------------------
mpirun noticed that process rank 0 with PID 28732 on node quad-0-7.local exited on signal 0 (Unknown signal 0).
--------------------------------------------------------------------------
mpirun: clean termination accomplished

2 total processes killed (some possibly by mpirun during cleanup)

Epilogue Initiated
Starting cpuspeed daemon
Removing /scratch/PBS_TEMP_45522.vilkas.vgtu.lt on node(s): quad-0-7 quad-0-6
Floaters flushed on node(s): quad-0-7 quad-0-6
Epilogue Complete
