Prologue Initiated
Stopping cpuspeed daemon

Creating temporary directory /scratch/PBS_TEMP_45517.vilkas.vgtu.lt on node(s): quad-0-7 quad-0-6
Prologue Complete

Starting Job:
Sun Apr 29 13:27:51 EEST 2018

Running script on...
quad-0-7.local

Allocated nodes:
quad-0-7
quad-0-6

>-----
Trumpiausias atstumas nuo 0 iki 50 yra lygus 6
N=100;t=0.328597;T=0.329087;d=99.8511%
>-----
Trumpiausias atstumas nuo 0 iki 50 yra lygus 6
N=100;t=0.330541;T=0.331167;d=99.811%
-----
Trumpiausias atstumas nuo 0 iki 100 yra lygus 7
N=200;t=0.704755;T=0.708041;d=99.5359%
-----
Trumpiausias atstumas nuo 0 iki 100 yra lygus 7
N=200;t=0.704466;T=0.707792;d=99.5301%
-----
Trumpiausias atstumas nuo 0 iki 150 yra lygus 9
N=300;t=1.15088;T=1.1582;d=99.368%
-----
Trumpiausias atstumas nuo 0 iki 150 yra lygus 9
N=300;t=1.15513;T=1.16238;d=99.3766%
-----
Trumpiausias atstumas nuo 0 iki 200 yra lygus 7
N=400;t=1.72173;T=1.73461;d=99.258%
-----
Trumpiausias atstumas nuo 0 iki 200 yra lygus 7
N=400;t=1.73363;T=1.74643;d=99.2672%
-----
Trumpiausias atstumas nuo 0 iki 250 yra lygus 3
N=500;t=2.42396;T=2.44412;d=99.1754%
-----
Trumpiausias atstumas nuo 0 iki 250 yra lygus 3
N=500;t=2.56094;T=2.58268;d=99.1583%
-----
Trumpiausias atstumas nuo 0 iki 300 yra lygus 5
N=600;t=3.35202;T=3.38146;d=99.1294%
-----
Trumpiausias atstumas nuo 0 iki 300 yra lygus 5
N=600;t=3.58085;T=3.61031;d=99.184%
-----
Trumpiausias atstumas nuo 0 iki 350 yra lygus 5
N=700;t=4.40457;T=4.44414;d=99.1097%
-----
Trumpiausias atstumas nuo 0 iki 350 yra lygus 5
N=700;t=4.49302;T=4.53342;d=99.1088%
-----
Trumpiausias atstumas nuo 0 iki 400 yra lygus 1
N=800;t=5.75165;T=5.80404;d=99.0972%
-----
Trumpiausias atstumas nuo 0 iki 400 yra lygus 1
N=800;t=5.72198;T=5.7741;d=99.0973%
-----
Trumpiausias atstumas nuo 0 iki 450 yra lygus 5
N=900;t=7.25225;T=7.3177;d=99.1056%
-----
Trumpiausias atstumas nuo 0 iki 450 yra lygus 5
N=900;t=7.26426;T=7.33003;d=99.1027%
-----
Trumpiausias atstumas nuo 0 iki 500 yra lygus 4
N=1000;t=9.0815;T=9.16216;d=99.1197%
-----
Trumpiausias atstumas nuo 0 iki 500 yra lygus 4
N=1000;t=9.10922;T=9.19013;d=99.1196%
-----
Trumpiausias atstumas nuo 0 iki 550 yra lygus 4
N=1100;t=10.8025;T=10.8997;d=99.1082%
-----
Trumpiausias atstumas nuo 0 iki 550 yra lygus 4
N=1100;t=11.2827;T=11.3807;d=99.1384%
-----
Trumpiausias atstumas nuo 0 iki 600 yra lygus 4
N=1200;t=5.18232;T=5.29531;d=97.8662%
-----
Trumpiausias atstumas nuo 0 iki 600 yra lygus 4
N=1200;t=5.99185;T=6.10838;d=98.0923%
-----
Trumpiausias atstumas nuo 0 iki 650 yra lygus 4
N=1300;t=7.12653;T=7.26102;d=98.1478%
-----
Trumpiausias atstumas nuo 0 iki 650 yra lygus 4
N=1300;t=5.93929;T=6.06914;d=97.8605%
-----
Trumpiausias atstumas nuo 0 iki 700 yra lygus 4
N=1400;t=12.0893;T=12.2398;d=98.7707%
-----
Trumpiausias atstumas nuo 0 iki 700 yra lygus 4
N=1400;t=16.795;T=16.9515;d=99.0765%
-----
Trumpiausias atstumas nuo 0 iki 750 yra lygus 3
N=1500;t=22.4427;T=22.6114;d=99.2538%
-----
Trumpiausias atstumas nuo 0 iki 750 yra lygus 3
N=1500;t=21.665;T=21.8401;d=99.1985%
-----
Trumpiausias atstumas nuo 0 iki 800 yra lygus 3
N=1600;t=26.9305;T=27.1256;d=99.2806%
-----
Trumpiausias atstumas nuo 0 iki 800 yra lygus 3
N=1600;t=26.8806;T=27.1248;d=99.0996%
mpirun: killing job...

--------------------------------------------------------------------------
mpirun noticed that process rank 0 with PID 28362 on node quad-0-7.local exited on signal 15 (Terminated).
--------------------------------------------------------------------------
mpirun: abort is already in progress...hit ctrl-c again to forcibly terminate

mpirun: clean termination accomplished

2 total processes killed (some possibly by mpirun during cleanup)

Epilogue Initiated
Starting cpuspeed daemon
Removing /scratch/PBS_TEMP_45517.vilkas.vgtu.lt on node(s):
Epilogue Initiated
Starting cpuspeed daemon
Removing /scratch/PBS_TEMP_45517.vilkas.vgtu.lt on node(s): quad-0-7 quad-0-6
Floaters flushed on node(s):
Epilogue Complete
 quad-0-7 quad-0-6
Floaters flushed on node(s): quad-0-7 quad-0-6
Epilogue Complete
