Prologue Initiated
Stopping cpuspeed daemon

Creating temporary directory /scratch/PBS_TEMP_45632.vilkas.vgtu.lt on node(s): quad-0-9 quad-0-8
Prologue Complete

Starting Job:
Sun Apr 29 16:40:09 EEST 2018

Running script on...
quad-0-9.local

Allocated nodes:
quad-0-9
quad-0-8

>-----
Trumpiausias atstumas nuo 0 iki 50 yra lygus 6
N=100;t=1.76804;T=1.76866;d=99.965%
-----
Trumpiausias atstumas nuo 0 iki 100 yra lygus 7
N=200;t=0.0383341;T=0.0397031;d=96.5519%
-----
Trumpiausias atstumas nuo 0 iki 150 yra lygus 9
N=300;t=0.130749;T=0.133696;d=97.7959%
-----
Trumpiausias atstumas nuo 0 iki 200 yra lygus 7
N=400;t=0.152523;T=0.157818;d=96.6448%
-----
Trumpiausias atstumas nuo 0 iki 250 yra lygus 3
N=500;t=0.290057;T=0.298302;d=97.236%
-----
Trumpiausias atstumas nuo 0 iki 300 yra lygus 5
N=600;t=0.463497;T=0.475189;d=97.5394%
-----
Trumpiausias atstumas nuo 0 iki 350 yra lygus 5
N=700;t=0.715615;T=0.733488;d=97.5633%
-----
Trumpiausias atstumas nuo 0 iki 400 yra lygus 1
N=800;t=1.06156;T=1.08347;d=97.978%
-----
Trumpiausias atstumas nuo 0 iki 450 yra lygus 5
N=900;t=1.48262;T=1.50968;d=98.2074%
-----
Trumpiausias atstumas nuo 0 iki 500 yra lygus 4
N=1000;t=2.13248;T=2.16585;d=98.4593%
-----
Trumpiausias atstumas nuo 0 iki 550 yra lygus 4
N=1100;t=2.79079;T=2.83035;d=98.6022%
-----
Trumpiausias atstumas nuo 0 iki 600 yra lygus 4
N=1200;t=3.56068;T=3.61834;d=98.4065%
-----
Trumpiausias atstumas nuo 0 iki 650 yra lygus 4
N=1300;t=9.99799;T=10.06;d=99.3841%
-----
Trumpiausias atstumas nuo 0 iki 700 yra lygus 4
N=1400;t=10.4233;T=10.5811;d=98.5084%
-----
Trumpiausias atstumas nuo 0 iki 750 yra lygus 3
N=1500;t=11.8691;T=12.0423;d=98.5612%
-----
Trumpiausias atstumas nuo 0 iki 800 yra lygus 3
N=1600;t=14.8443;T=15.0296;d=98.7665%
-----
Trumpiausias atstumas nuo 0 iki 850 yra lygus 4
N=1700;t=17.376;T=17.5761;d=98.8613%
-----
Trumpiausias atstumas nuo 0 iki 900 yra lygus 4
N=1800;t=20.041;T=20.249;d=98.9725%
-----
Trumpiausias atstumas nuo 0 iki 950 yra lygus 4
N=1900;t=21.4399;T=21.6416;d=99.0679%
-----
Trumpiausias atstumas nuo 0 iki 1000 yra lygus 4
N=2000;t=24.0042;T=24.2142;d=99.1326%
-----<

Job finished:
Sun Apr 29 16:42:37 EEST 2018

Epilogue Initiated
Starting cpuspeed daemon
Enabling ondemand cpu frequency scaling: [  OK  ]
Removing /scratch/PBS_TEMP_45632.vilkas.vgtu.lt on node(s): quad-0-9 quad-0-8
Floaters flushed on node(s):
Epilogue Complete
