Prologue Initiated
Stopping cpuspeed daemon

Creating temporary directory /scratch/PBS_TEMP_45630.vilkas.vgtu.lt on node(s): quad-0-7 quad-0-6
Prologue Complete

Starting Job:
Sun Apr 29 16:38:01 EEST 2018

Running script on...
quad-0-7.local

Allocated nodes:
quad-0-7
quad-0-6

>-----
Trumpiausias atstumas nuo 0 iki 50 yra lygus 6
N=100;t=0.020751;T=0.0212529;d=97.6386%
-----
Trumpiausias atstumas nuo 0 iki 100 yra lygus 7
N=200;t=0.061413;T=0.0627499;d=97.8696%
-----
Trumpiausias atstumas nuo 0 iki 150 yra lygus 9
N=300;t=0.111634;T=0.114519;d=97.4807%
-----
Trumpiausias atstumas nuo 0 iki 200 yra lygus 7
N=400;t=0.181042;T=0.186037;d=97.3151%
-----
Trumpiausias atstumas nuo 0 iki 250 yra lygus 3
N=500;t=0.322664;T=0.330333;d=97.6784%
-----
Trumpiausias atstumas nuo 0 iki 300 yra lygus 5
N=600;t=0.554675;T=0.566126;d=97.9773%
-----
Trumpiausias atstumas nuo 0 iki 350 yra lygus 5
N=700;t=0.871951;T=0.887276;d=98.2728%
-----
Trumpiausias atstumas nuo 0 iki 400 yra lygus 1
N=800;t=1.4708;T=1.49029;d=98.6919%
-----
Trumpiausias atstumas nuo 0 iki 450 yra lygus 5
N=900;t=2.03171;T=2.05614;d=98.8118%
-----
Trumpiausias atstumas nuo 0 iki 500 yra lygus 4
N=1000;t=2.9857;T=3.01595;d=98.9971%
-----
Trumpiausias atstumas nuo 0 iki 550 yra lygus 4
N=1100;t=3.98139;T=4.01648;d=99.1263%
-----
Trumpiausias atstumas nuo 0 iki 600 yra lygus 4
N=1200;t=5.08552;T=5.12795;d=99.1725%
-----
Trumpiausias atstumas nuo 0 iki 650 yra lygus 4
N=1300;t=6.25962;T=6.30972;d=99.206%
-----
Trumpiausias atstumas nuo 0 iki 700 yra lygus 4
N=1400;t=7.93903;T=7.99693;d=99.276%
-----
Trumpiausias atstumas nuo 0 iki 750 yra lygus 3
N=1500;t=9.70867;T=9.78183;d=99.2521%
-----
Trumpiausias atstumas nuo 0 iki 800 yra lygus 3
N=1600;t=11.6731;T=11.7579;d=99.2788%
-----
Trumpiausias atstumas nuo 0 iki 850 yra lygus 4
N=1700;t=13.8251;T=13.9228;d=99.2978%
-----
Trumpiausias atstumas nuo 0 iki 900 yra lygus 4
N=1800;t=15.9568;T=16.0696;d=99.2981%
-----
Trumpiausias atstumas nuo 0 iki 950 yra lygus 4
N=1900;t=18.9694;T=19.1064;d=99.2826%
-----
Trumpiausias atstumas nuo 0 iki 1000 yra lygus 4
N=2000;t=22.0018;T=22.1419;d=99.3673%
-----<

Job finished:
Sun Apr 29 16:40:07 EEST 2018

Epilogue Initiated
Starting cpuspeed daemon
Enabling ondemand cpu frequency scaling: [  OK  ]
Removing /scratch/PBS_TEMP_45630.vilkas.vgtu.lt on node(s): quad-0-7 quad-0-6
Floaters flushed on node(s):
Epilogue Complete
