Prologue Initiated
Stopping cpuspeed daemon
Disabling ondemand cpu frequency scaling: [  OK  ]
Creating temporary directory /scratch/PBS_TEMP_45637.vilkas.vgtu.lt on node(s): quad-0-7 quad-0-6
Prologue Complete

Starting Job:
Sun Apr 29 16:41:52 EEST 2018

Running script on...
quad-0-7.local

Allocated nodes:
quad-0-7
quad-0-6

>-----
Trumpiausias atstumas nuo 0 iki 50 yra lygus 6
N=100;t=0.0248852;T=0.0253308;d=98.2409%
-----
Trumpiausias atstumas nuo 0 iki 100 yra lygus 7
N=200;t=0.041666;T=0.0429151;d=97.0894%
-----
Trumpiausias atstumas nuo 0 iki 150 yra lygus 9
N=300;t=0.0792089;T=0.081903;d=96.7106%
-----
Trumpiausias atstumas nuo 0 iki 200 yra lygus 7
N=400;t=0.135333;T=0.139878;d=96.7508%
-----
Trumpiausias atstumas nuo 0 iki 250 yra lygus 3
N=500;t=0.213321;T=0.220389;d=96.793%
-----
Trumpiausias atstumas nuo 0 iki 300 yra lygus 5
N=600;t=0.319848;T=0.329882;d=96.9584%
-----
Trumpiausias atstumas nuo 0 iki 350 yra lygus 5
N=700;t=0.465708;T=0.481953;d=96.6294%
-----
Trumpiausias atstumas nuo 0 iki 400 yra lygus 1
N=800;t=0.921367;T=0.940293;d=97.9872%
-----
Trumpiausias atstumas nuo 0 iki 450 yra lygus 5
N=900;t=1.90228;T=1.92882;d=98.6239%
-----
Trumpiausias atstumas nuo 0 iki 500 yra lygus 4
N=1000;t=2.97094;T=3.00277;d=98.94%
-----
Trumpiausias atstumas nuo 0 iki 550 yra lygus 4
N=1100;t=4.42513;T=4.55928;d=97.0576%
-----
Trumpiausias atstumas nuo 0 iki 600 yra lygus 4
N=1200;t=5.94457;T=5.98616;d=99.3053%
-----
Trumpiausias atstumas nuo 0 iki 650 yra lygus 4
N=1300;t=7.35653;T=7.40462;d=99.3505%
-----
Trumpiausias atstumas nuo 0 iki 700 yra lygus 4
N=1400;t=9.14159;T=9.19767;d=99.3902%
-----
Trumpiausias atstumas nuo 0 iki 750 yra lygus 3
N=1500;t=11.9823;T=12.046;d=99.4715%
-----
Trumpiausias atstumas nuo 0 iki 800 yra lygus 3
N=1600;t=14.2307;T=14.5027;d=98.1242%
-----
Trumpiausias atstumas nuo 0 iki 850 yra lygus 4
N=1700;t=16.619;T=16.8107;d=98.8596%
-----
Trumpiausias atstumas nuo 0 iki 900 yra lygus 4
N=1800;t=13.5608;T=13.7625;d=98.5343%
-----
Trumpiausias atstumas nuo 0 iki 950 yra lygus 4
N=1900;t=11.6671;T=11.7952;d=98.9139%
-----
Trumpiausias atstumas nuo 0 iki 1000 yra lygus 4
N=2000;t=11.6545;T=11.7899;d=98.851%
-----<

Job finished:
Sun Apr 29 16:43:49 EEST 2018

Epilogue Initiated
Starting cpuspeed daemon
Removing /scratch/PBS_TEMP_45637.vilkas.vgtu.lt on node(s): quad-0-7 quad-0-6
Floaters flushed on node(s): quad-0-7 quad-0-6
Epilogue Complete
