Prologue Initiated
Stopping cpuspeed daemon
Disabling ondemand cpu frequency scaling: [  OK  ]
Creating temporary directory /scratch/PBS_TEMP_45623.vilkas.vgtu.lt on node(s): quad-0-9 quad-0-8
Prologue Complete

Starting Job:
Sun Apr 29 16:38:00 EEST 2018

Running script on...
quad-0-9.local

Allocated nodes:
quad-0-9
quad-0-8

>-----
Trumpiausias atstumas nuo 0 iki 50 yra lygus 6
N=100;t=0.023802;T=0.0242341;d=98.2173%
-----
Trumpiausias atstumas nuo 0 iki 100 yra lygus 7
N=200;t=0.0423028;T=0.0437191;d=96.7607%
-----
Trumpiausias atstumas nuo 0 iki 150 yra lygus 9
N=300;t=0.0977461;T=0.100546;d=97.2152%
-----
Trumpiausias atstumas nuo 0 iki 200 yra lygus 7
N=400;t=0.196658;T=0.201549;d=97.5735%
-----
Trumpiausias atstumas nuo 0 iki 250 yra lygus 3
N=500;t=0.346004;T=0.353869;d=97.7774%
-----
Trumpiausias atstumas nuo 0 iki 300 yra lygus 5
N=600;t=0.58689;T=0.59805;d=98.1339%
-----
Trumpiausias atstumas nuo 0 iki 350 yra lygus 5
N=700;t=0.94372;T=0.959459;d=98.3596%
-----
Trumpiausias atstumas nuo 0 iki 400 yra lygus 1
N=800;t=1.43495;T=1.45535;d=98.5983%
-----
Trumpiausias atstumas nuo 0 iki 450 yra lygus 5
N=900;t=2.18098;T=2.20931;d=98.7177%
-----
Trumpiausias atstumas nuo 0 iki 500 yra lygus 4
N=1000;t=3.04327;T=3.07477;d=98.9755%
-----
Trumpiausias atstumas nuo 0 iki 550 yra lygus 4
N=1100;t=4.01971;T=4.05772;d=99.0632%
-----
Trumpiausias atstumas nuo 0 iki 600 yra lygus 4
N=1200;t=5.14519;T=5.19054;d=99.1263%
-----
Trumpiausias atstumas nuo 0 iki 650 yra lygus 4
N=1300;t=6.39246;T=6.44575;d=99.1733%
-----
Trumpiausias atstumas nuo 0 iki 700 yra lygus 4
N=1400;t=7.92874;T=7.99346;d=99.1902%
-----
Trumpiausias atstumas nuo 0 iki 750 yra lygus 3
N=1500;t=9.80085;T=9.87881;d=99.2108%
-----
Trumpiausias atstumas nuo 0 iki 800 yra lygus 3
N=1600;t=11.7539;T=11.8444;d=99.2364%
-----
Trumpiausias atstumas nuo 0 iki 850 yra lygus 4
N=1700;t=13.9601;T=14.0638;d=99.2627%
-----
Trumpiausias atstumas nuo 0 iki 900 yra lygus 4
N=1800;t=16.403;T=16.5204;d=99.2892%
-----
Trumpiausias atstumas nuo 0 iki 950 yra lygus 4
N=1900;t=18.9186;T=19.0518;d=99.3008%
-----
Trumpiausias atstumas nuo 0 iki 1000 yra lygus 4
N=2000;t=21.6113;T=21.7669;d=99.2852%
-----<

Job finished:
Sun Apr 29 16:40:07 EEST 2018

Epilogue Initiated
Starting cpuspeed daemon
Removing /scratch/PBS_TEMP_45623.vilkas.vgtu.lt on node(s): quad-0-9 quad-0-8
Floaters flushed on node(s):
Epilogue Complete
