Prologue Initiated
Stopping cpuspeed daemon

Creating temporary directory /scratch/PBS_TEMP_45628.vilkas.vgtu.lt on node(s): quad-0-7 quad-0-6
Prologue Complete

Starting Job:
Sun Apr 29 16:38:01 EEST 2018

Running script on...
quad-0-7.local

Allocated nodes:
quad-0-7
quad-0-6

>-----
Trumpiausias atstumas nuo 0 iki 50 yra lygus 6
N=100;t=0.00446391;T=0.004884;d=91.3986%
-----
Trumpiausias atstumas nuo 0 iki 100 yra lygus 7
N=200;t=0.0320559;T=0.0332901;d=96.2923%
-----
Trumpiausias atstumas nuo 0 iki 150 yra lygus 9
N=300;t=0.102488;T=0.105168;d=97.4514%
-----
Trumpiausias atstumas nuo 0 iki 200 yra lygus 7
N=400;t=0.245176;T=0.249539;d=98.2516%
-----
Trumpiausias atstumas nuo 0 iki 250 yra lygus 3
N=500;t=0.472514;T=0.479295;d=98.5852%
-----
Trumpiausias atstumas nuo 0 iki 300 yra lygus 5
N=600;t=0.921013;T=0.931094;d=98.9173%
-----
Trumpiausias atstumas nuo 0 iki 350 yra lygus 5
N=700;t=1.73287;T=1.74734;d=99.1719%
-----
Trumpiausias atstumas nuo 0 iki 400 yra lygus 1
N=800;t=2.81456;T=2.83365;d=99.3261%
-----
Trumpiausias atstumas nuo 0 iki 450 yra lygus 5
N=900;t=4.21357;T=4.23789;d=99.426%
-----
Trumpiausias atstumas nuo 0 iki 500 yra lygus 4
N=1000;t=5.71447;T=5.7538;d=99.3164%
-----
Trumpiausias atstumas nuo 0 iki 550 yra lygus 4
N=1100;t=7.51838;T=7.56528;d=99.3801%
-----
Trumpiausias atstumas nuo 0 iki 600 yra lygus 4
N=1200;t=9.76096;T=9.81636;d=99.4356%
-----
Trumpiausias atstumas nuo 0 iki 650 yra lygus 4
N=1300;t=12.3832;T=12.453;d=99.4398%
-----
Trumpiausias atstumas nuo 0 iki 700 yra lygus 4
N=1400;t=15.2127;T=15.2888;d=99.5026%
-----
Trumpiausias atstumas nuo 0 iki 750 yra lygus 3
N=1500;t=18.4947;T=18.5805;d=99.5385%
-----
Trumpiausias atstumas nuo 0 iki 800 yra lygus 3
N=1600;t=22.2158;T=22.3128;d=99.5654%
-----
Trumpiausias atstumas nuo 0 iki 850 yra lygus 4
N=1700;t=26.205;T=26.3147;d=99.5833%
-----
Trumpiausias atstumas nuo 0 iki 900 yra lygus 4
N=1800;t=23.9685;T=24.0827;d=99.5258%
-----
Trumpiausias atstumas nuo 0 iki 950 yra lygus 4
N=1900;t=28.7193;T=28.8437;d=99.5688%
-----
Trumpiausias atstumas nuo 0 iki 1000 yra lygus 4
N=2000;t=38.2184;T=38.359;d=99.6334%
-----<

Job finished:
Sun Apr 29 16:41:41 EEST 2018

Epilogue Initiated
Starting cpuspeed daemon
Enabling ondemand cpu frequency scaling: [  OK  ]
Removing /scratch/PBS_TEMP_45628.vilkas.vgtu.lt on node(s): quad-0-7 quad-0-6
Floaters flushed on node(s):
Epilogue Complete
