Prologue Initiated
Stopping cpuspeed daemon
Disabling ondemand cpu frequency scaling: [  OK  ]
Creating temporary directory /scratch/PBS_TEMP_45635.vilkas.vgtu.lt on node(s): quad-0-9 quad-0-8
Prologue Complete

Starting Job:
Sun Apr 29 16:40:24 EEST 2018

Running script on...
quad-0-9.local

Allocated nodes:
quad-0-9
quad-0-8

>-----
Trumpiausias atstumas nuo 0 iki 50 yra lygus 6
N=100;t=0.0268521;T=0.0273819;d=98.0653%
-----
Trumpiausias atstumas nuo 0 iki 100 yra lygus 7
N=200;t=0.0429361;T=0.0442579;d=97.0134%
-----
Trumpiausias atstumas nuo 0 iki 150 yra lygus 9
N=300;t=0.081388;T=0.084209;d=96.65%
-----
Trumpiausias atstumas nuo 0 iki 200 yra lygus 7
N=400;t=0.13091;T=0.135836;d=96.3734%
-----
Trumpiausias atstumas nuo 0 iki 250 yra lygus 3
N=500;t=0.211119;T=0.218555;d=96.5977%
-----
Trumpiausias atstumas nuo 0 iki 300 yra lygus 5
N=600;t=0.322818;T=0.333213;d=96.8804%
-----
Trumpiausias atstumas nuo 0 iki 350 yra lygus 5
N=700;t=0.46893;T=0.483357;d=97.0153%
-----
Trumpiausias atstumas nuo 0 iki 400 yra lygus 1
N=800;t=0.889179;T=0.907885;d=97.9396%
-----
Trumpiausias atstumas nuo 0 iki 450 yra lygus 5
N=900;t=5.54557;T=5.56911;d=99.5773%
-----
Trumpiausias atstumas nuo 0 iki 500 yra lygus 4
N=1000;t=3.29755;T=3.32681;d=99.1204%
-----
Trumpiausias atstumas nuo 0 iki 550 yra lygus 4
N=1100;t=4.37821;T=4.51352;d=97.0022%
-----
Trumpiausias atstumas nuo 0 iki 600 yra lygus 4
N=1200;t=12.3199;T=12.3628;d=99.6532%
-----
Trumpiausias atstumas nuo 0 iki 650 yra lygus 4
N=1300;t=12.7512;T=12.8;d=99.6188%
-----
Trumpiausias atstumas nuo 0 iki 700 yra lygus 4
N=1400;t=11.5386;T=11.5962;d=99.5036%
-----
Trumpiausias atstumas nuo 0 iki 750 yra lygus 3
N=1500;t=19.9218;T=20.0857;d=99.1843%
-----
Trumpiausias atstumas nuo 0 iki 800 yra lygus 3
N=1600;t=10.9613;T=11.1305;d=98.4792%
-----
Trumpiausias atstumas nuo 0 iki 850 yra lygus 4
N=1700;t=38.6239;T=38.7022;d=99.7978%
-----
Trumpiausias atstumas nuo 0 iki 900 yra lygus 4
N=1800;t=14.4453;T=14.5375;d=99.3655%
-----
Trumpiausias atstumas nuo 0 iki 950 yra lygus 4
N=1900;t=8.7366;T=8.83368;d=98.9011%
-----
Trumpiausias atstumas nuo 0 iki 1000 yra lygus 4
N=2000;t=10.6438;T=10.7613;d=98.9081%
-----<

Job finished:
Sun Apr 29 16:43:02 EEST 2018

Epilogue Initiated
Starting cpuspeed daemon
Removing /scratch/PBS_TEMP_45635.vilkas.vgtu.lt on node(s): quad-0-9 quad-0-8
Floaters flushed on node(s):
Epilogue Complete
