Prologue Initiated
Stopping cpuspeed daemon

Creating temporary directory /scratch/PBS_TEMP_45625.vilkas.vgtu.lt on node(s): quad-0-9 quad-0-8
Prologue Complete

Starting Job:
Sun Apr 29 16:38:01 EEST 2018

Running script on...
quad-0-9.local

Allocated nodes:
quad-0-9
quad-0-8

>-----
Trumpiausias atstumas nuo 0 iki 50 yra lygus 6
N=100;t=0.0244539;T=0.0248852;d=98.2668%
-----
Trumpiausias atstumas nuo 0 iki 100 yra lygus 7
N=200;t=0.042093;T=0.0435259;d=96.7079%
-----
Trumpiausias atstumas nuo 0 iki 150 yra lygus 9
N=300;t=0.0953701;T=0.099735;d=95.6234%
-----
Trumpiausias atstumas nuo 0 iki 200 yra lygus 7
N=400;t=0.192504;T=0.201423;d=95.5719%
-----
Trumpiausias atstumas nuo 0 iki 250 yra lygus 3
N=500;t=0.335606;T=0.345802;d=97.0515%
-----
Trumpiausias atstumas nuo 0 iki 300 yra lygus 5
N=600;t=0.575875;T=0.595361;d=96.727%
-----
Trumpiausias atstumas nuo 0 iki 350 yra lygus 5
N=700;t=0.980861;T=1.00866;d=97.244%
-----
Trumpiausias atstumas nuo 0 iki 400 yra lygus 1
N=800;t=1.56303;T=1.58393;d=98.6806%
-----
Trumpiausias atstumas nuo 0 iki 450 yra lygus 5
N=900;t=2.32089;T=2.34719;d=98.8793%
-----
Trumpiausias atstumas nuo 0 iki 500 yra lygus 4
N=1000;t=3.24738;T=3.27923;d=99.0288%
-----
Trumpiausias atstumas nuo 0 iki 550 yra lygus 4
N=1100;t=4.30816;T=4.3463;d=99.1226%
-----
Trumpiausias atstumas nuo 0 iki 600 yra lygus 4
N=1200;t=5.49965;T=5.55037;d=99.0862%
-----
Trumpiausias atstumas nuo 0 iki 650 yra lygus 4
N=1300;t=6.92463;T=6.97728;d=99.2455%
-----
Trumpiausias atstumas nuo 0 iki 700 yra lygus 4
N=1400;t=8.52145;T=8.58265;d=99.287%
-----
Trumpiausias atstumas nuo 0 iki 750 yra lygus 3
N=1500;t=10.3311;T=10.4092;d=99.2504%
-----
Trumpiausias atstumas nuo 0 iki 800 yra lygus 3
N=1600;t=12.4126;T=12.5022;d=99.2833%
-----
Trumpiausias atstumas nuo 0 iki 850 yra lygus 4
N=1700;t=14.7351;T=14.8373;d=99.3113%
-----
Trumpiausias atstumas nuo 0 iki 900 yra lygus 4
N=1800;t=17.2331;T=17.3487;d=99.3338%
-----
Trumpiausias atstumas nuo 0 iki 950 yra lygus 4
N=1900;t=20.0656;T=20.196;d=99.3542%
-----
Trumpiausias atstumas nuo 0 iki 1000 yra lygus 4
N=2000;t=20.4088;T=20.5541;d=99.2931%
-----<

Job finished:
Sun Apr 29 16:40:12 EEST 2018

Epilogue Initiated
Starting cpuspeed daemon
Enabling ondemand cpu frequency scaling: [  OK  ]
Removing /scratch/PBS_TEMP_45625.vilkas.vgtu.lt on node(s): quad-0-9 quad-0-8
Floaters flushed on node(s):
Epilogue Complete
