Prologue Initiated
Stopping cpuspeed daemon
Disabling ondemand cpu frequency scaling: [  OK  ]
Creating temporary directory /scratch/PBS_TEMP_45636.vilkas.vgtu.lt on node(s): quad-0-9 quad-0-8
Prologue Complete

Starting Job:
Sun Apr 29 16:41:52 EEST 2018

Running script on...
quad-0-9.local

Allocated nodes:
quad-0-9
quad-0-8

>-----
Trumpiausias atstumas nuo 0 iki 50 yra lygus 6
N=100;t=0.0429869;T=0.0434301;d=98.9795%
-----
Trumpiausias atstumas nuo 0 iki 100 yra lygus 7
N=200;t=0.0433249;T=0.044615;d=97.1084%
-----
Trumpiausias atstumas nuo 0 iki 150 yra lygus 9
N=300;t=0.077307;T=0.080034;d=96.5927%
-----
Trumpiausias atstumas nuo 0 iki 200 yra lygus 7
N=400;t=0.1254;T=0.13003;d=96.4394%
-----
Trumpiausias atstumas nuo 0 iki 250 yra lygus 3
N=500;t=0.202457;T=0.210271;d=96.284%
-----
Trumpiausias atstumas nuo 0 iki 300 yra lygus 5
N=600;t=0.303606;T=0.314459;d=96.5487%
-----
Trumpiausias atstumas nuo 0 iki 350 yra lygus 5
N=700;t=0.449097;T=0.46423;d=96.7402%
-----
Trumpiausias atstumas nuo 0 iki 400 yra lygus 1
N=800;t=0.687866;T=0.708868;d=97.0372%
-----
Trumpiausias atstumas nuo 0 iki 450 yra lygus 5
N=900;t=4.58991;T=4.61357;d=99.4871%
-----
Trumpiausias atstumas nuo 0 iki 500 yra lygus 4
N=1000;t=10.5724;T=10.6999;d=98.8082%
-----
Trumpiausias atstumas nuo 0 iki 550 yra lygus 4
N=1100;t=5.39744;T=5.53478;d=97.5187%
-----
Trumpiausias atstumas nuo 0 iki 600 yra lygus 4
N=1200;t=30.5525;T=30.6923;d=99.5446%
-----
Trumpiausias atstumas nuo 0 iki 650 yra lygus 4
N=1300;t=7.99362;T=8.04121;d=99.4083%
-----
Trumpiausias atstumas nuo 0 iki 700 yra lygus 4
N=1400;t=7.98543;T=8.13977;d=98.1039%
-----
Trumpiausias atstumas nuo 0 iki 750 yra lygus 3
N=1500;t=4.47982;T=4.56929;d=98.0418%
-----
Trumpiausias atstumas nuo 0 iki 800 yra lygus 3
N=1600;t=5.17104;T=5.24306;d=98.6265%
-----
Trumpiausias atstumas nuo 0 iki 850 yra lygus 4
N=1700;t=6.02626;T=6.10796;d=98.6625%
-----
Trumpiausias atstumas nuo 0 iki 900 yra lygus 4
N=1800;t=7.61258;T=7.71574;d=98.663%
-----
Trumpiausias atstumas nuo 0 iki 950 yra lygus 4
N=1900;t=9.88761;T=10.041;d=98.4721%
-----
Trumpiausias atstumas nuo 0 iki 1000 yra lygus 4
N=2000;t=11.5206;T=11.6925;d=98.5299%
-----<

Job finished:
Sun Apr 29 16:43:49 EEST 2018

Epilogue Initiated
Starting cpuspeed daemon
Removing /scratch/PBS_TEMP_45636.vilkas.vgtu.lt on node(s): quad-0-9 quad-0-8
Floaters flushed on node(s): quad-0-9 quad-0-8
Epilogue Complete
