Prologue Initiated
Stopping cpuspeed daemon

Creating temporary directory /scratch/PBS_TEMP_45624.vilkas.vgtu.lt on node(s): quad-0-9 quad-0-8
Prologue Complete

Starting Job:
Sun Apr 29 16:38:01 EEST 2018

Running script on...
quad-0-9.local

Allocated nodes:
quad-0-9
quad-0-8

>-----
Trumpiausias atstumas nuo 0 iki 50 yra lygus 6
N=100;t=0.0261621;T=0.0265889;d=98.3949%
-----
Trumpiausias atstumas nuo 0 iki 100 yra lygus 7
N=200;t=0.038676;T=0.0399101;d=96.9079%
-----
Trumpiausias atstumas nuo 0 iki 150 yra lygus 9
N=300;t=0.0922298;T=0.0949371;d=97.1484%
-----
Trumpiausias atstumas nuo 0 iki 200 yra lygus 7
N=400;t=0.173534;T=0.178145;d=97.4116%
-----
Trumpiausias atstumas nuo 0 iki 250 yra lygus 3
N=500;t=0.309392;T=0.31649;d=97.7572%
-----
Trumpiausias atstumas nuo 0 iki 300 yra lygus 5
N=600;t=0.510983;T=0.521332;d=98.0149%
-----
Trumpiausias atstumas nuo 0 iki 350 yra lygus 5
N=700;t=0.817414;T=0.831913;d=98.2572%
-----
Trumpiausias atstumas nuo 0 iki 400 yra lygus 1
N=800;t=1.31716;T=1.33633;d=98.5654%
-----
Trumpiausias atstumas nuo 0 iki 450 yra lygus 5
N=900;t=2.00885;T=2.03271;d=98.8265%
-----
Trumpiausias atstumas nuo 0 iki 500 yra lygus 4
N=1000;t=2.85494;T=2.884;d=98.9926%
-----
Trumpiausias atstumas nuo 0 iki 550 yra lygus 4
N=1100;t=3.85569;T=3.89089;d=99.0953%
-----
Trumpiausias atstumas nuo 0 iki 600 yra lygus 4
N=1200;t=4.99641;T=5.03883;d=99.1582%
-----
Trumpiausias atstumas nuo 0 iki 650 yra lygus 4
N=1300;t=6.30501;T=6.35485;d=99.2157%
-----
Trumpiausias atstumas nuo 0 iki 700 yra lygus 4
N=1400;t=7.88094;T=7.93918;d=99.2664%
-----
Trumpiausias atstumas nuo 0 iki 750 yra lygus 3
N=1500;t=9.60995;T=9.68419;d=99.2334%
-----
Trumpiausias atstumas nuo 0 iki 800 yra lygus 3
N=1600;t=11.574;T=11.6593;d=99.2678%
-----
Trumpiausias atstumas nuo 0 iki 850 yra lygus 4
N=1700;t=13.7427;T=13.8407;d=99.2918%
-----
Trumpiausias atstumas nuo 0 iki 900 yra lygus 4
N=1800;t=16.1644;T=16.2758;d=99.3153%
-----
Trumpiausias atstumas nuo 0 iki 950 yra lygus 4
N=1900;t=18.7804;T=18.906;d=99.3359%
-----
Trumpiausias atstumas nuo 0 iki 1000 yra lygus 4
N=2000;t=21.8604;T=22;d=99.3655%
-----<

Job finished:
Sun Apr 29 16:40:05 EEST 2018

Epilogue Initiated
Starting cpuspeed daemon
Enabling ondemand cpu frequency scaling: [  OK  ]
Removing /scratch/PBS_TEMP_45624.vilkas.vgtu.lt on node(s): quad-0-9 quad-0-8
Floaters flushed on node(s):
Epilogue Complete
