Prologue Initiated
Stopping cpuspeed daemon

Creating temporary directory /scratch/PBS_TEMP_45634.vilkas.vgtu.lt on node(s): quad-0-7 quad-0-6
Prologue Complete

Starting Job:
Sun Apr 29 16:40:10 EEST 2018

Running script on...
quad-0-7.local

Allocated nodes:
quad-0-7
quad-0-6

>-----
Trumpiausias atstumas nuo 0 iki 50 yra lygus 6
N=100;t=0.021044;T=0.0215662;d=97.5789%
-----
Trumpiausias atstumas nuo 0 iki 100 yra lygus 7
N=200;t=0.0397301;T=0.0410759;d=96.7235%
-----
Trumpiausias atstumas nuo 0 iki 150 yra lygus 9
N=300;t=0.133145;T=0.136039;d=97.8727%
-----
Trumpiausias atstumas nuo 0 iki 200 yra lygus 7
N=400;t=0.149887;T=0.154905;d=96.7607%
-----
Trumpiausias atstumas nuo 0 iki 250 yra lygus 3
N=500;t=0.251204;T=0.258842;d=97.0492%
-----
Trumpiausias atstumas nuo 0 iki 300 yra lygus 5
N=600;t=0.400318;T=0.411113;d=97.3742%
-----
Trumpiausias atstumas nuo 0 iki 350 yra lygus 5
N=700;t=0.593114;T=0.607978;d=97.5552%
-----
Trumpiausias atstumas nuo 0 iki 400 yra lygus 1
N=800;t=2.23932;T=2.25856;d=99.1484%
-----
Trumpiausias atstumas nuo 0 iki 450 yra lygus 5
N=900;t=8.27952;T=8.40372;d=98.5222%
-----
Trumpiausias atstumas nuo 0 iki 500 yra lygus 4
N=1000;t=11.6504;T=11.7804;d=98.8961%
-----
Trumpiausias atstumas nuo 0 iki 550 yra lygus 4
N=1100;t=13.364;T=13.3996;d=99.7344%
-----
Trumpiausias atstumas nuo 0 iki 600 yra lygus 4
N=1200;t=18.1648;T=18.2069;d=99.7691%
-----
Trumpiausias atstumas nuo 0 iki 650 yra lygus 4
N=1300;t=24.3334;T=24.4836;d=99.3864%
-----
Trumpiausias atstumas nuo 0 iki 700 yra lygus 4
N=1400;t=10.4877;T=10.5464;d=99.4432%
-----
Trumpiausias atstumas nuo 0 iki 750 yra lygus 3
N=1500;t=11.7793;T=11.8493;d=99.409%
-----
Trumpiausias atstumas nuo 0 iki 800 yra lygus 3
N=1600;t=13.5065;T=13.6899;d=98.661%
-----
Trumpiausias atstumas nuo 0 iki 850 yra lygus 4
N=1700;t=15.7545;T=15.9388;d=98.8431%
-----
Trumpiausias atstumas nuo 0 iki 900 yra lygus 4
N=1800;t=18.623;T=18.8249;d=98.9277%
-----
Trumpiausias atstumas nuo 0 iki 950 yra lygus 4
N=1900;t=22.2128;T=22.4158;d=99.0945%
-----
Trumpiausias atstumas nuo 0 iki 1000 yra lygus 4
N=2000;t=24.397;T=24.6176;d=99.1042%
-----<

Job finished:
Sun Apr 29 16:43:31 EEST 2018

Epilogue Initiated
Starting cpuspeed daemon
Removing /scratch/PBS_TEMP_45634.vilkas.vgtu.lt on node(s): quad-0-7 quad-0-6
Floaters flushed on node(s):
Epilogue Complete
