Prologue Initiated
Stopping cpuspeed daemon
Disabling ondemand cpu frequency scaling: [  OK  ]
Creating temporary directory /scratch/PBS_TEMP_45594.vilkas.vgtu.lt on node(s): quad-0-8
Prologue Complete

Starting Job:
Sun Apr 29 16:13:07 EEST 2018

Running script on...
quad-0-8.local

Allocated nodes:
quad-0-8
quad-0-8
quad-0-8
quad-0-8

>-----
Trumpiausias atstumas nuo 0 iki 50 yra lygus 6
N=100;t=0.005824;T=0.006213;d=93.7389%
-----
Trumpiausias atstumas nuo 0 iki 100 yra lygus 7
N=200;t=0.042652;T=0.043844;d=97.2813%
-----
Trumpiausias atstumas nuo 0 iki 150 yra lygus 9
N=300;t=0.138476;T=0.141093;d=98.1452%
-----
Trumpiausias atstumas nuo 0 iki 200 yra lygus 7
N=400;t=0.320797;T=0.325514;d=98.5509%
-----
Trumpiausias atstumas nuo 0 iki 250 yra lygus 3
N=500;t=0.622593;T=0.630008;d=98.823%
-----
Trumpiausias atstumas nuo 0 iki 300 yra lygus 5
N=600;t=1.0876;T=1.09864;d=98.9954%
-----
Trumpiausias atstumas nuo 0 iki 350 yra lygus 5
N=700;t=1.76861;T=1.78414;d=99.1296%
-----
Trumpiausias atstumas nuo 0 iki 400 yra lygus 1
N=800;t=2.67188;T=2.69253;d=99.2331%
-----
Trumpiausias atstumas nuo 0 iki 450 yra lygus 5
N=900;t=3.82159;T=3.8484;d=99.3034%
-----
Trumpiausias atstumas nuo 0 iki 500 yra lygus 4
N=1000;t=5.24953;T=5.28256;d=99.3747%
-----
Trumpiausias atstumas nuo 0 iki 550 yra lygus 4
N=1100;t=6.928;T=6.96813;d=99.424%
-----
Trumpiausias atstumas nuo 0 iki 600 yra lygus 4
N=1200;t=8.98771;T=9.03553;d=99.4708%
-----
Trumpiausias atstumas nuo 0 iki 650 yra lygus 4
N=1300;t=11.4104;T=11.4667;d=99.5092%
-----
Trumpiausias atstumas nuo 0 iki 700 yra lygus 4
N=1400;t=14.2831;T=14.3483;d=99.5453%
-----
Trumpiausias atstumas nuo 0 iki 750 yra lygus 3
N=1500;t=17.4326;T=17.5082;d=99.568%
-----
Trumpiausias atstumas nuo 0 iki 800 yra lygus 3
N=1600;t=21.1328;T=21.2179;d=99.5994%
-----
Trumpiausias atstumas nuo 0 iki 850 yra lygus 4
N=1700;t=25.2666;T=25.3627;d=99.6211%
-----
Trumpiausias atstumas nuo 0 iki 900 yra lygus 4
N=1800;t=30.0207;T=30.1282;d=99.6432%
-----
Trumpiausias atstumas nuo 0 iki 950 yra lygus 4
N=1900;t=35.1131;T=35.2328;d=99.6603%
-----
Trumpiausias atstumas nuo 0 iki 1000 yra lygus 4
N=2000;t=40.9411;T=41.0739;d=99.6768%
-----<

Job finished:
Sun Apr 29 16:16:55 EEST 2018

Epilogue Initiated
Starting cpuspeed daemon
Enabling ondemand cpu frequency scaling: [  OK  ]
Removing /scratch/PBS_TEMP_45594.vilkas.vgtu.lt on node(s): quad-0-8
Floaters flushed on node(s): quad-0-8
Epilogue Complete
