Prologue Initiated
Stopping cpuspeed daemon
Disabling ondemand cpu frequency scaling: [  OK  ]
Creating temporary directory /scratch/PBS_TEMP_45601.vilkas.vgtu.lt on node(s): quad-0-7
Prologue Complete

Starting Job:
Sun Apr 29 16:18:21 EEST 2018

Running script on...
quad-0-7.local

Allocated nodes:
quad-0-7
quad-0-7
quad-0-7
quad-0-7

>-----
Trumpiausias atstumas nuo 0 iki 50 yra lygus 6
N=100;t=0.005202;T=0.005628;d=92.4307%
-----
Trumpiausias atstumas nuo 0 iki 100 yra lygus 7
N=200;t=0.014985;T=0.017916;d=83.6403%
-----
Trumpiausias atstumas nuo 0 iki 150 yra lygus 9
N=300;t=0.047537;T=0.054097;d=87.8736%
-----
Trumpiausias atstumas nuo 0 iki 200 yra lygus 7
N=400;t=0.109448;T=0.121168;d=90.3275%
-----
Trumpiausias atstumas nuo 0 iki 250 yra lygus 3
N=500;t=0.210119;T=0.228597;d=91.9168%
-----
Trumpiausias atstumas nuo 0 iki 300 yra lygus 5
N=600;t=0.359008;T=0.385978;d=93.0126%
-----
Trumpiausias atstumas nuo 0 iki 350 yra lygus 5
N=700;t=0.566984;T=0.604036;d=93.8659%
-----
Trumpiausias atstumas nuo 0 iki 400 yra lygus 1
N=800;t=0.851808;T=0.900536;d=94.589%
-----
Trumpiausias atstumas nuo 0 iki 450 yra lygus 5
N=900;t=1.23524;T=1.29693;d=95.2434%
-----
Trumpiausias atstumas nuo 0 iki 500 yra lygus 4
N=1000;t=1.73352;T=1.80954;d=95.7988%
-----
Trumpiausias atstumas nuo 0 iki 550 yra lygus 4
N=1100;t=2.31298;T=2.40458;d=96.1904%
-----
Trumpiausias atstumas nuo 0 iki 600 yra lygus 4
N=1200;t=3.02427;T=3.13302;d=96.529%
-----
Trumpiausias atstumas nuo 0 iki 650 yra lygus 4
N=1300;t=3.857;T=3.98485;d=96.7916%
-----
Trumpiausias atstumas nuo 0 iki 700 yra lygus 4
N=1400;t=4.84564;T=4.99324;d=97.044%
-----
Trumpiausias atstumas nuo 0 iki 750 yra lygus 3
N=1500;t=5.96458;T=6.13341;d=97.2474%
-----
Trumpiausias atstumas nuo 0 iki 800 yra lygus 3
N=1600;t=7.22924;T=7.4213;d=97.412%
-----
Trumpiausias atstumas nuo 0 iki 850 yra lygus 4
N=1700;t=8.67742;T=8.89383;d=97.5667%
-----
Trumpiausias atstumas nuo 0 iki 900 yra lygus 4
N=1800;t=10.3052;T=10.5475;d=97.7025%
-----
Trumpiausias atstumas nuo 0 iki 950 yra lygus 4
N=1900;t=12.0723;T=12.3418;d=97.8167%
-----
Trumpiausias atstumas nuo 0 iki 1000 yra lygus 4
N=2000;t=14.067;T=14.3662;d=97.9175%
-----<

Job finished:
Sun Apr 29 16:19:41 EEST 2018

Epilogue Initiated
Starting cpuspeed daemon
Enabling ondemand cpu frequency scaling: [  OK  ]
Removing /scratch/PBS_TEMP_45601.vilkas.vgtu.lt on node(s): quad-0-7
Floaters flushed on node(s): quad-0-7
Epilogue Complete
