Prologue Initiated
Stopping cpuspeed daemon
Disabling ondemand cpu frequency scaling: [  OK  ]
Creating temporary directory /scratch/PBS_TEMP_45603.vilkas.vgtu.lt on node(s): quad-0-9
Prologue Complete

Starting Job:
Sun Apr 29 16:18:48 EEST 2018

Running script on...
quad-0-9.local

Allocated nodes:
quad-0-9
quad-0-9
quad-0-9
quad-0-9

>-----
Trumpiausias atstumas nuo 0 iki 50 yra lygus 6
N=100;t=0.008868;T=0.009268;d=95.6841%
-----
Trumpiausias atstumas nuo 0 iki 100 yra lygus 7
N=200;t=0.011389;T=0.014312;d=79.5766%
-----
Trumpiausias atstumas nuo 0 iki 150 yra lygus 9
N=300;t=0.0358;T=0.042315;d=84.6036%
-----
Trumpiausias atstumas nuo 0 iki 200 yra lygus 7
N=400;t=0.082238;T=0.093831;d=87.6448%
-----
Trumpiausias atstumas nuo 0 iki 250 yra lygus 3
N=500;t=0.157472;T=0.175768;d=89.5908%
-----
Trumpiausias atstumas nuo 0 iki 300 yra lygus 5
N=600;t=0.269461;T=0.296181;d=90.9785%
-----
Trumpiausias atstumas nuo 0 iki 350 yra lygus 5
N=700;t=0.422527;T=0.459358;d=91.9821%
-----
Trumpiausias atstumas nuo 0 iki 400 yra lygus 1
N=800;t=0.630986;T=0.679554;d=92.853%
-----
Trumpiausias atstumas nuo 0 iki 450 yra lygus 5
N=900;t=0.908954;T=0.97073;d=93.6361%
-----
Trumpiausias atstumas nuo 0 iki 500 yra lygus 4
N=1000;t=1.2857;T=1.3619;d=94.405%
-----
Trumpiausias atstumas nuo 0 iki 550 yra lygus 4
N=1100;t=1.76012;T=1.85199;d=95.0391%
-----
Trumpiausias atstumas nuo 0 iki 600 yra lygus 4
N=1200;t=2.35364;T=2.46252;d=95.5787%
-----
Trumpiausias atstumas nuo 0 iki 650 yra lygus 4
N=1300;t=3.04475;T=3.17227;d=95.9801%
-----
Trumpiausias atstumas nuo 0 iki 700 yra lygus 4
N=1400;t=3.8685;T=4.01608;d=96.3254%
-----
Trumpiausias atstumas nuo 0 iki 750 yra lygus 3
N=1500;t=4.79222;T=4.96219;d=96.5746%
-----
Trumpiausias atstumas nuo 0 iki 800 yra lygus 3
N=1600;t=5.86045;T=6.05286;d=96.8212%
-----
Trumpiausias atstumas nuo 0 iki 850 yra lygus 4
N=1700;t=7.00494;T=7.22196;d=96.9951%
-----
Trumpiausias atstumas nuo 0 iki 900 yra lygus 4
N=1800;t=8.35132;T=8.59446;d=97.171%
-----
Trumpiausias atstumas nuo 0 iki 950 yra lygus 4
N=1900;t=9.78213;T=10.0526;d=97.3098%
-----
Trumpiausias atstumas nuo 0 iki 1000 yra lygus 4
N=2000;t=11.3631;T=11.6622;d=97.435%
-----<

Job finished:
Sun Apr 29 16:19:52 EEST 2018

Epilogue Initiated
Starting cpuspeed daemon
Enabling ondemand cpu frequency scaling: [  OK  ]
Removing /scratch/PBS_TEMP_45603.vilkas.vgtu.lt on node(s): quad-0-9
Floaters flushed on node(s): quad-0-9
Epilogue Complete
