Prologue Initiated
Stopping cpuspeed daemon
Disabling ondemand cpu frequency scaling: [  OK  ]
Creating temporary directory /scratch/PBS_TEMP_45600.vilkas.vgtu.lt on node(s): quad-0-8
Prologue Complete

Starting Job:
Sun Apr 29 16:18:18 EEST 2018

Running script on...
quad-0-8.local

Allocated nodes:
quad-0-8
quad-0-8
quad-0-8
quad-0-8

>-----
Trumpiausias atstumas nuo 0 iki 50 yra lygus 6
N=100;t=0.007972;T=0.008379;d=95.1426%
-----
Trumpiausias atstumas nuo 0 iki 100 yra lygus 7
N=200;t=0.014873;T=0.017778;d=83.6596%
-----
Trumpiausias atstumas nuo 0 iki 150 yra lygus 9
N=300;t=0.047325;T=0.053767;d=88.0187%
-----
Trumpiausias atstumas nuo 0 iki 200 yra lygus 7
N=400;t=0.1089;T=0.120467;d=90.3982%
-----
Trumpiausias atstumas nuo 0 iki 250 yra lygus 3
N=500;t=0.20876;T=0.226967;d=91.9781%
-----
Trumpiausias atstumas nuo 0 iki 300 yra lygus 5
N=600;t=0.357262;T=0.38377;d=93.0927%
-----
Trumpiausias atstumas nuo 0 iki 350 yra lygus 5
N=700;t=0.565849;T=0.602367;d=93.9376%
-----
Trumpiausias atstumas nuo 0 iki 400 yra lygus 1
N=800;t=0.852766;T=0.900826;d=94.6649%
-----
Trumpiausias atstumas nuo 0 iki 450 yra lygus 5
N=900;t=1.23692;T=1.29809;d=95.2879%
-----
Trumpiausias atstumas nuo 0 iki 500 yra lygus 4
N=1000;t=1.73487;T=1.81037;d=95.8299%
-----
Trumpiausias atstumas nuo 0 iki 550 yra lygus 4
N=1100;t=2.30651;T=2.39774;d=96.1951%
-----
Trumpiausias atstumas nuo 0 iki 600 yra lygus 4
N=1200;t=3.02063;T=3.12895;d=96.538%
-----
Trumpiausias atstumas nuo 0 iki 650 yra lygus 4
N=1300;t=3.85925;T=3.98606;d=96.8185%
-----
Trumpiausias atstumas nuo 0 iki 700 yra lygus 4
N=1400;t=4.85384;T=5.00051;d=97.0667%
-----
Trumpiausias atstumas nuo 0 iki 750 yra lygus 3
N=1500;t=5.97062;T=6.13888;d=97.259%
-----
Trumpiausias atstumas nuo 0 iki 800 yra lygus 3
N=1600;t=7.22116;T=7.41239;d=97.4201%
-----
Trumpiausias atstumas nuo 0 iki 850 yra lygus 4
N=1700;t=8.64977;T=8.86526;d=97.5694%
-----
Trumpiausias atstumas nuo 0 iki 900 yra lygus 4
N=1800;t=10.2994;T=10.5408;d=97.7093%
-----
Trumpiausias atstumas nuo 0 iki 950 yra lygus 4
N=1900;t=12.0577;T=12.3262;d=97.8217%
-----
Trumpiausias atstumas nuo 0 iki 1000 yra lygus 4
N=2000;t=14.0463;T=14.3443;d=97.9222%
-----<

Job finished:
Sun Apr 29 16:19:37 EEST 2018

Epilogue Initiated
Starting cpuspeed daemon
Enabling ondemand cpu frequency scaling: [  OK  ]
Removing /scratch/PBS_TEMP_45600.vilkas.vgtu.lt on node(s): quad-0-8
Floaters flushed on node(s): quad-0-8
Epilogue Complete
