Prologue Initiated
Stopping cpuspeed daemon
Disabling ondemand cpu frequency scaling: [  OK  ]
Creating temporary directory /scratch/PBS_TEMP_45587.vilkas.vgtu.lt on node(s): quad-0-9
Prologue Complete

Starting Job:
Sun Apr 29 16:09:47 EEST 2018

Running script on...
quad-0-9.local

Allocated nodes:
quad-0-9
quad-0-9
quad-0-9
quad-0-9

>-----
Trumpiausias atstumas nuo 0 iki 50 yra lygus 6
N=100;t=0.010451;T=0.010927;d=95.6438%
-----
Trumpiausias atstumas nuo 0 iki 100 yra lygus 7
N=200;t=0.010652;T=0.013552;d=78.6009%
-----
Trumpiausias atstumas nuo 0 iki 150 yra lygus 9
N=300;t=0.033959;T=0.040457;d=83.9385%
-----
Trumpiausias atstumas nuo 0 iki 200 yra lygus 7
N=400;t=0.078023;T=0.089537;d=87.1405%
-----
Trumpiausias atstumas nuo 0 iki 250 yra lygus 3
N=500;t=0.149564;T=0.167716;d=89.1769%
-----
Trumpiausias atstumas nuo 0 iki 300 yra lygus 5
N=600;t=0.255819;T=0.282336;d=90.608%
-----
Trumpiausias atstumas nuo 0 iki 350 yra lygus 5
N=700;t=0.403893;T=0.439179;d=91.9655%
-----
Trumpiausias atstumas nuo 0 iki 400 yra lygus 1
N=800;t=0.599992;T=0.646035;d=92.873%
-----
Trumpiausias atstumas nuo 0 iki 450 yra lygus 5
N=900;t=0.868081;T=0.926754;d=93.669%
-----
Trumpiausias atstumas nuo 0 iki 500 yra lygus 4
N=1000;t=1.22713;T=1.30015;d=94.3842%
-----
Trumpiausias atstumas nuo 0 iki 550 yra lygus 4
N=1100;t=1.68879;T=1.77986;d=94.8833%
-----
Trumpiausias atstumas nuo 0 iki 600 yra lygus 4
N=1200;t=2.26977;T=2.37311;d=95.6452%
-----
Trumpiausias atstumas nuo 0 iki 650 yra lygus 4
N=1300;t=2.97588;T=3.09603;d=96.1193%
-----
Trumpiausias atstumas nuo 0 iki 700 yra lygus 4
N=1400;t=3.76223;T=3.90233;d=96.4098%
-----
Trumpiausias atstumas nuo 0 iki 750 yra lygus 3
N=1500;t=4.68301;T=4.84558;d=96.645%
-----
Trumpiausias atstumas nuo 0 iki 800 yra lygus 3
N=1600;t=5.70915;T=5.89439;d=96.8573%
-----
Trumpiausias atstumas nuo 0 iki 850 yra lygus 4
N=1700;t=6.85539;T=7.07284;d=96.9256%
-----
Trumpiausias atstumas nuo 0 iki 900 yra lygus 4
N=1800;t=8.1883;T=8.42909;d=97.1434%
-----
Trumpiausias atstumas nuo 0 iki 950 yra lygus 4
N=1900;t=9.56783;T=9.82123;d=97.4199%
-----
Trumpiausias atstumas nuo 0 iki 1000 yra lygus 4
N=2000;t=11.1371;T=11.4366;d=97.3808%
-----<

Job finished:
Sun Apr 29 16:10:50 EEST 2018

Epilogue Initiated
Starting cpuspeed daemon
Enabling ondemand cpu frequency scaling: [  OK  ]
Removing /scratch/PBS_TEMP_45587.vilkas.vgtu.lt on node(s): quad-0-9
Floaters flushed on node(s): quad-0-9
Epilogue Complete
