Prologue Initiated
Stopping cpuspeed daemon
Disabling ondemand cpu frequency scaling: [  OK  ]
Creating temporary directory /scratch/PBS_TEMP_45596.vilkas.vgtu.lt on node(s): quad-0-6
Prologue Complete

Starting Job:
Sun Apr 29 16:14:32 EEST 2018

Running script on...
quad-0-6.local

Allocated nodes:
quad-0-6
quad-0-6
quad-0-6
quad-0-6

>-----
Trumpiausias atstumas nuo 0 iki 50 yra lygus 6
N=100;t=0.004023;T=0.004421;d=90.9975%
-----
Trumpiausias atstumas nuo 0 iki 100 yra lygus 7
N=200;t=0.022028;T=0.02492;d=88.3949%
-----
Trumpiausias atstumas nuo 0 iki 150 yra lygus 9
N=300;t=0.070547;T=0.077053;d=91.5565%
-----
Trumpiausias atstumas nuo 0 iki 200 yra lygus 7
N=400;t=0.162388;T=0.174004;d=93.3243%
-----
Trumpiausias atstumas nuo 0 iki 250 yra lygus 3
N=500;t=0.312889;T=0.331228;d=94.4633%
-----
Trumpiausias atstumas nuo 0 iki 300 yra lygus 5
N=600;t=0.531769;T=0.558441;d=95.2238%
-----
Trumpiausias atstumas nuo 0 iki 350 yra lygus 5
N=700;t=0.844527;T=0.881225;d=95.8356%
-----
Trumpiausias atstumas nuo 0 iki 400 yra lygus 1
N=800;t=1.254;T=1.30223;d=96.2963%
-----
Trumpiausias atstumas nuo 0 iki 450 yra lygus 5
N=900;t=1.80447;T=1.8662;d=96.6919%
-----
Trumpiausias atstumas nuo 0 iki 500 yra lygus 4
N=1000;t=2.5172;T=2.59305;d=97.0749%
-----
Trumpiausias atstumas nuo 0 iki 550 yra lygus 4
N=1100;t=3.39031;T=3.48164;d=97.3769%
-----
Trumpiausias atstumas nuo 0 iki 600 yra lygus 4
N=1200;t=4.44513;T=4.55396;d=97.6103%
-----
Trumpiausias atstumas nuo 0 iki 650 yra lygus 4
N=1300;t=5.6586;T=5.78538;d=97.8086%
-----
Trumpiausias atstumas nuo 0 iki 700 yra lygus 4
N=1400;t=7.10382;T=7.25041;d=97.9781%
-----
Trumpiausias atstumas nuo 0 iki 750 yra lygus 3
N=1500;t=8.67483;T=8.8429;d=98.0993%
-----
Trumpiausias atstumas nuo 0 iki 800 yra lygus 3
N=1600;t=10.5319;T=10.7231;d=98.2166%
-----
Trumpiausias atstumas nuo 0 iki 850 yra lygus 4
N=1700;t=12.5821;T=12.7977;d=98.3156%
-----
Trumpiausias atstumas nuo 0 iki 900 yra lygus 4
N=1800;t=14.9572;T=15.1984;d=98.4126%
-----
Trumpiausias atstumas nuo 0 iki 950 yra lygus 4
N=1900;t=17.487;T=17.7556;d=98.4874%
-----
Trumpiausias atstumas nuo 0 iki 1000 yra lygus 4
N=2000;t=20.3942;T=20.6919;d=98.5617%
-----<

Job finished:
Sun Apr 29 16:16:27 EEST 2018

Epilogue Initiated
Starting cpuspeed daemon
Enabling ondemand cpu frequency scaling: [  OK  ]
Removing /scratch/PBS_TEMP_45596.vilkas.vgtu.lt on node(s): quad-0-6
Floaters flushed on node(s): quad-0-6
Epilogue Complete
