Prologue Initiated
Stopping cpuspeed daemon
Disabling ondemand cpu frequency scaling: [  OK  ]
Creating temporary directory /scratch/PBS_TEMP_45597.vilkas.vgtu.lt on node(s): quad-0-6
Prologue Complete

Starting Job:
Sun Apr 29 16:16:29 EEST 2018

Running script on...
quad-0-6.local

Allocated nodes:
quad-0-6
quad-0-6
quad-0-6
quad-0-6

>-----
Trumpiausias atstumas nuo 0 iki 50 yra lygus 6
N=100;t=0.004804;T=0.005204;d=92.3136%
-----
Trumpiausias atstumas nuo 0 iki 100 yra lygus 7
N=200;t=0.021988;T=0.024939;d=88.1671%
-----
Trumpiausias atstumas nuo 0 iki 150 yra lygus 9
N=300;t=0.070619;T=0.077105;d=91.5881%
-----
Trumpiausias atstumas nuo 0 iki 200 yra lygus 7
N=400;t=0.163359;T=0.17504;d=93.3267%
-----
Trumpiausias atstumas nuo 0 iki 250 yra lygus 3
N=500;t=0.313273;T=0.331625;d=94.466%
-----
Trumpiausias atstumas nuo 0 iki 300 yra lygus 5
N=600;t=0.532356;T=0.559148;d=95.2084%
-----
Trumpiausias atstumas nuo 0 iki 350 yra lygus 5
N=700;t=0.843351;T=0.880153;d=95.8187%
-----
Trumpiausias atstumas nuo 0 iki 400 yra lygus 1
N=800;t=1.25345;T=1.3019;d=96.2785%
-----
Trumpiausias atstumas nuo 0 iki 450 yra lygus 5
N=900;t=1.80512;T=1.86683;d=96.6946%
-----
Trumpiausias atstumas nuo 0 iki 500 yra lygus 4
N=1000;t=2.51864;T=2.59468;d=97.0692%
-----
Trumpiausias atstumas nuo 0 iki 550 yra lygus 4
N=1100;t=3.39173;T=3.48327;d=97.3719%
-----
Trumpiausias atstumas nuo 0 iki 600 yra lygus 4
N=1200;t=4.44808;T=4.55666;d=97.6172%
-----
Trumpiausias atstumas nuo 0 iki 650 yra lygus 4
N=1300;t=5.66535;T=5.79244;d=97.806%
-----
Trumpiausias atstumas nuo 0 iki 700 yra lygus 4
N=1400;t=7.10903;T=7.25618;d=97.9721%
-----
Trumpiausias atstumas nuo 0 iki 750 yra lygus 3
N=1500;t=8.68248;T=8.85114;d=98.0944%
-----
Trumpiausias atstumas nuo 0 iki 800 yra lygus 3
N=1600;t=10.5205;T=10.7121;d=98.2108%
-----
Trumpiausias atstumas nuo 0 iki 850 yra lygus 4
N=1700;t=12.5927;T=12.8089;d=98.3121%
-----
Trumpiausias atstumas nuo 0 iki 900 yra lygus 4
N=1800;t=14.953;T=15.1951;d=98.4069%
-----
Trumpiausias atstumas nuo 0 iki 950 yra lygus 4
N=1900;t=17.4947;T=17.7641;d=98.4833%
-----
Trumpiausias atstumas nuo 0 iki 1000 yra lygus 4
N=2000;t=20.3951;T=20.6935;d=98.5581%
-----<

Job finished:
Sun Apr 29 16:18:24 EEST 2018

Epilogue Initiated
Starting cpuspeed daemon
Enabling ondemand cpu frequency scaling: [  OK  ]
Removing /scratch/PBS_TEMP_45597.vilkas.vgtu.lt on node(s): quad-0-6
Floaters flushed on node(s): quad-0-6
Epilogue Complete
