Prologue Initiated
Stopping cpuspeed daemon
Disabling ondemand cpu frequency scaling: [  OK  ]
Creating temporary directory /scratch/PBS_TEMP_45604.vilkas.vgtu.lt on node(s): quad-0-6
Prologue Complete

Starting Job:
Sun Apr 29 16:19:32 EEST 2018

Running script on...
quad-0-6.local

Allocated nodes:
quad-0-6
quad-0-6
quad-0-6
quad-0-6

>-----
Trumpiausias atstumas nuo 0 iki 50 yra lygus 6
N=100;t=0.005469;T=0.005876;d=93.0735%
-----
Trumpiausias atstumas nuo 0 iki 100 yra lygus 7
N=200;t=0.011368;T=0.014286;d=79.5744%
-----
Trumpiausias atstumas nuo 0 iki 150 yra lygus 9
N=300;t=0.036018;T=0.042511;d=84.7263%
-----
Trumpiausias atstumas nuo 0 iki 200 yra lygus 7
N=400;t=0.083013;T=0.09463;d=87.7238%
-----
Trumpiausias atstumas nuo 0 iki 250 yra lygus 3
N=500;t=0.157194;T=0.175484;d=89.5774%
-----
Trumpiausias atstumas nuo 0 iki 300 yra lygus 5
N=600;t=0.269207;T=0.295809;d=91.007%
-----
Trumpiausias atstumas nuo 0 iki 350 yra lygus 5
N=700;t=0.424111;T=0.460778;d=92.0424%
-----
Trumpiausias atstumas nuo 0 iki 400 yra lygus 1
N=800;t=0.628374;T=0.67673;d=92.8545%
-----
Trumpiausias atstumas nuo 0 iki 450 yra lygus 5
N=900;t=0.908663;T=0.970172;d=93.66%
-----
Trumpiausias atstumas nuo 0 iki 500 yra lygus 4
N=1000;t=1.2922;T=1.3679;d=94.466%
-----
Trumpiausias atstumas nuo 0 iki 550 yra lygus 4
N=1100;t=1.7564;T=1.84758;d=95.0652%
-----
Trumpiausias atstumas nuo 0 iki 600 yra lygus 4
N=1200;t=2.35107;T=2.45918;d=95.6039%
-----
Trumpiausias atstumas nuo 0 iki 650 yra lygus 4
N=1300;t=3.04165;T=3.16829;d=96.0029%
-----
Trumpiausias atstumas nuo 0 iki 700 yra lygus 4
N=1400;t=3.86133;T=4.00818;d=96.3362%
-----
Trumpiausias atstumas nuo 0 iki 750 yra lygus 3
N=1500;t=4.79064;T=4.95877;d=96.6094%
-----
Trumpiausias atstumas nuo 0 iki 800 yra lygus 3
N=1600;t=5.85972;T=6.0511;d=96.8373%
-----
Trumpiausias atstumas nuo 0 iki 850 yra lygus 4
N=1700;t=6.99825;T=7.21376;d=97.0125%
-----
Trumpiausias atstumas nuo 0 iki 900 yra lygus 4
N=1800;t=8.36103;T=8.60221;d=97.1962%
-----
Trumpiausias atstumas nuo 0 iki 950 yra lygus 4
N=1900;t=9.75508;T=10.0237;d=97.3198%
-----
Trumpiausias atstumas nuo 0 iki 1000 yra lygus 4
N=2000;t=11.3874;T=11.6847;d=97.4557%
-----<

Job finished:
Sun Apr 29 16:20:36 EEST 2018

Epilogue Initiated
Starting cpuspeed daemon
Enabling ondemand cpu frequency scaling: [  OK  ]
Removing /scratch/PBS_TEMP_45604.vilkas.vgtu.lt on node(s): quad-0-6
Floaters flushed on node(s): quad-0-6
Epilogue Complete
