Prologue Initiated
Stopping cpuspeed daemon
Disabling ondemand cpu frequency scaling: [  OK  ]
Creating temporary directory /scratch/PBS_TEMP_45591.vilkas.vgtu.lt on node(s): quad-0-9
Prologue Complete

Starting Job:
Sun Apr 29 16:11:56 EEST 2018

Running script on...
quad-0-9.local

Allocated nodes:
quad-0-9
quad-0-9
quad-0-9
quad-0-9

>-----
Trumpiausias atstumas nuo 0 iki 50 yra lygus 6
N=100;t=0.013861;T=0.014308;d=96.8759%
-----
Trumpiausias atstumas nuo 0 iki 100 yra lygus 7
N=200;t=0.011392;T=0.014309;d=79.6142%
-----
Trumpiausias atstumas nuo 0 iki 150 yra lygus 9
N=300;t=0.035764;T=0.042258;d=84.6325%
-----
Trumpiausias atstumas nuo 0 iki 200 yra lygus 7
N=400;t=0.082156;T=0.093756;d=87.6275%
-----
Trumpiausias atstumas nuo 0 iki 250 yra lygus 3
N=500;t=0.157265;T=0.175582;d=89.5678%
-----
Trumpiausias atstumas nuo 0 iki 300 yra lygus 5
N=600;t=0.269124;T=0.29586;d=90.9633%
-----
Trumpiausias atstumas nuo 0 iki 350 yra lygus 5
N=700;t=0.422419;T=0.459228;d=91.9846%
-----
Trumpiausias atstumas nuo 0 iki 400 yra lygus 1
N=800;t=0.632287;T=0.680833;d=92.8696%
-----
Trumpiausias atstumas nuo 0 iki 450 yra lygus 5
N=900;t=0.91192;T=0.973612;d=93.6636%
-----
Trumpiausias atstumas nuo 0 iki 500 yra lygus 4
N=1000;t=1.29758;T=1.37376;d=94.455%
-----
Trumpiausias atstumas nuo 0 iki 550 yra lygus 4
N=1100;t=1.78564;T=1.87745;d=95.11%
-----
Trumpiausias atstumas nuo 0 iki 600 yra lygus 4
N=1200;t=2.34969;T=2.45846;d=95.5757%
-----
Trumpiausias atstumas nuo 0 iki 650 yra lygus 4
N=1300;t=3.04627;T=3.17371;d=95.9846%
-----
Trumpiausias atstumas nuo 0 iki 700 yra lygus 4
N=1400;t=3.8688;T=4.01628;d=96.3279%
-----
Trumpiausias atstumas nuo 0 iki 750 yra lygus 3
N=1500;t=4.79717;T=4.96639;d=96.5927%
-----
Trumpiausias atstumas nuo 0 iki 800 yra lygus 3
N=1600;t=5.84456;T=6.03805;d=96.7954%
-----
Trumpiausias atstumas nuo 0 iki 850 yra lygus 4
N=1700;t=7.0149;T=7.23158;d=97.0037%
-----
Trumpiausias atstumas nuo 0 iki 900 yra lygus 4
N=1800;t=8.35844;T=8.60216;d=97.1667%
-----
Trumpiausias atstumas nuo 0 iki 950 yra lygus 4
N=1900;t=9.7764;T=10.0465;d=97.3114%
-----
Trumpiausias atstumas nuo 0 iki 1000 yra lygus 4
N=2000;t=11.3737;T=11.6735;d=97.4317%
-----<

Job finished:
Sun Apr 29 16:13:00 EEST 2018

Epilogue Initiated
Starting cpuspeed daemon
Enabling ondemand cpu frequency scaling: [  OK  ]
Removing /scratch/PBS_TEMP_45591.vilkas.vgtu.lt on node(s): quad-0-9
Floaters flushed on node(s): quad-0-9
Epilogue Complete
