Prologue Initiated
Stopping cpuspeed daemon
Disabling ondemand cpu frequency scaling: [  OK  ]
Creating temporary directory /scratch/PBS_TEMP_45607.vilkas.vgtu.lt on node(s): quad-0-9
Prologue Complete

Starting Job:
Sun Apr 29 16:19:54 EEST 2018

Running script on...
quad-0-9.local

Allocated nodes:
quad-0-9
quad-0-9
quad-0-9
quad-0-9

>-----
Trumpiausias atstumas nuo 0 iki 50 yra lygus 6
N=100;t=0.010243;T=0.010703;d=95.7021%
-----
Trumpiausias atstumas nuo 0 iki 100 yra lygus 7
N=200;t=0.013946;T=0.01691;d=82.4719%
-----
Trumpiausias atstumas nuo 0 iki 150 yra lygus 9
N=300;t=0.041939;T=0.048533;d=86.4134%
-----
Trumpiausias atstumas nuo 0 iki 200 yra lygus 7
N=400;t=0.094974;T=0.106755;d=88.9645%
-----
Trumpiausias atstumas nuo 0 iki 250 yra lygus 3
N=500;t=0.182139;T=0.200651;d=90.774%
-----
Trumpiausias atstumas nuo 0 iki 300 yra lygus 5
N=600;t=0.314437;T=0.341177;d=92.1624%
-----
Trumpiausias atstumas nuo 0 iki 350 yra lygus 5
N=700;t=0.502858;T=0.539639;d=93.1841%
-----
Trumpiausias atstumas nuo 0 iki 400 yra lygus 1
N=800;t=0.743396;T=0.791675;d=93.9017%
-----
Trumpiausias atstumas nuo 0 iki 450 yra lygus 5
N=900;t=1.06146;T=1.12299;d=94.5213%
-----
Trumpiausias atstumas nuo 0 iki 500 yra lygus 4
N=1000;t=1.47026;T=1.54602;d=95.0996%
-----
Trumpiausias atstumas nuo 0 iki 550 yra lygus 4
N=1100;t=1.95657;T=2.04799;d=95.5362%
-----
Trumpiausias atstumas nuo 0 iki 600 yra lygus 4
N=1200;t=2.52291;T=2.63162;d=95.8691%
-----
Trumpiausias atstumas nuo 0 iki 650 yra lygus 4
N=1300;t=3.21378;T=3.3416;d=96.1749%
-----
Trumpiausias atstumas nuo 0 iki 700 yra lygus 4
N=1400;t=4.05683;T=4.20485;d=96.4799%
-----
Trumpiausias atstumas nuo 0 iki 750 yra lygus 3
N=1500;t=4.99184;T=5.16176;d=96.7082%
-----
Trumpiausias atstumas nuo 0 iki 800 yra lygus 3
N=1600;t=5.98004;T=6.1727;d=96.8787%
-----
Trumpiausias atstumas nuo 0 iki 850 yra lygus 4
N=1700;t=7.15727;T=7.37382;d=97.0632%
-----
Trumpiausias atstumas nuo 0 iki 900 yra lygus 4
N=1800;t=8.49504;T=8.73894;d=97.209%
-----
Trumpiausias atstumas nuo 0 iki 950 yra lygus 4
N=1900;t=9.96623;T=10.2361;d=97.3634%
-----
Trumpiausias atstumas nuo 0 iki 1000 yra lygus 4
N=2000;t=11.5156;T=11.8145;d=97.4703%
-----<

Job finished:
Sun Apr 29 16:21:00 EEST 2018

Epilogue Initiated
Starting cpuspeed daemon
Enabling ondemand cpu frequency scaling: [  OK  ]
Removing /scratch/PBS_TEMP_45607.vilkas.vgtu.lt on node(s): quad-0-9
Floaters flushed on node(s): quad-0-9
Epilogue Complete
