Prologue Initiated
Stopping cpuspeed daemon
Disabling ondemand cpu frequency scaling: [  OK  ]
Creating temporary directory /scratch/PBS_TEMP_45541.vilkas.vgtu.lt on node(s): quad-0-7 quad-0-6
Prologue Complete

Starting Job:
Sun Apr 29 13:38:59 EEST 2018

Running script on...
quad-0-7.local

Allocated nodes:
quad-0-7
quad-0-6

>-----
Trumpiausias atstumas nuo 0 iki 50 yra lygus 6
N=100;t=0.005844;T=0.006324;d=92.4099%
-----
Trumpiausias atstumas nuo 0 iki 100 yra lygus 7
N=200;t=0.059066;T=0.060459;d=97.696%
-----
Trumpiausias atstumas nuo 0 iki 150 yra lygus 9
N=300;t=0.267498;T=0.270504;d=98.8887%
-----
Trumpiausias atstumas nuo 0 iki 200 yra lygus 7
N=400;t=1.05015;T=1.07236;d=97.9282%
-----
Trumpiausias atstumas nuo 0 iki 250 yra lygus 3
N=500;t=2.09964;T=2.11721;d=99.17%
-----
Trumpiausias atstumas nuo 0 iki 300 yra lygus 5
N=600;t=3.55338;T=3.59155;d=98.9373%
-----
Trumpiausias atstumas nuo 0 iki 350 yra lygus 5
N=700;t=5.17016;T=5.21345;d=99.1696%
-----
Trumpiausias atstumas nuo 0 iki 400 yra lygus 1
N=800;t=7.713;T=7.7754;d=99.1975%
-----
Trumpiausias atstumas nuo 0 iki 450 yra lygus 5
N=900;t=8.66475;T=8.73956;d=99.144%
-----
Trumpiausias atstumas nuo 0 iki 500 yra lygus 4
N=1000;t=13.382;T=13.4798;d=99.2739%
-----
Trumpiausias atstumas nuo 0 iki 550 yra lygus 4
N=1100;t=7.41607;T=7.4584;d=99.4324%
-----
Trumpiausias atstumas nuo 0 iki 600 yra lygus 4
N=1200;t=9.61272;T=9.66589;d=99.4499%
-----
Trumpiausias atstumas nuo 0 iki 650 yra lygus 4
N=1300;t=12.7061;T=12.7674;d=99.5199%
-----
Trumpiausias atstumas nuo 0 iki 700 yra lygus 4
N=1400;t=15.4316;T=15.5049;d=99.5272%
-----
Trumpiausias atstumas nuo 0 iki 750 yra lygus 3
N=1500;t=18.865;T=18.9468;d=99.568%
-----
Trumpiausias atstumas nuo 0 iki 800 yra lygus 3
N=1600;t=22.4416;T=22.5686;d=99.4372%
-----
Trumpiausias atstumas nuo 0 iki 850 yra lygus 4
N=1700;t=44.7397;T=44.8448;d=99.7656%
-----
Trumpiausias atstumas nuo 0 iki 900 yra lygus 4
N=1800;t=77.9149;T=78.2801;d=99.5334%
-----
Trumpiausias atstumas nuo 0 iki 950 yra lygus 4
N=1900;t=89.9754;T=90.3357;d=99.6012%
-----
Trumpiausias atstumas nuo 0 iki 1000 yra lygus 4
N=2000;t=69.2287;T=69.5824;d=99.4917%
-----<

Job finished:
Sun Apr 29 13:45:51 EEST 2018

Epilogue Initiated
Starting cpuspeed daemon
Enabling ondemand cpu frequency scaling: [  OK  ]
Removing /scratch/PBS_TEMP_45541.vilkas.vgtu.lt on node(s): quad-0-7 quad-0-6
Floaters flushed on node(s):
Epilogue Complete
