Prologue Initiated
Stopping cpuspeed daemon

Creating temporary directory /scratch/PBS_TEMP_45538.vilkas.vgtu.lt on node(s): quad-0-7 quad-0-6
Prologue Complete

Starting Job:
Sun Apr 29 13:34:37 EEST 2018

Running script on...
quad-0-7.local

Allocated nodes:
quad-0-7
quad-0-6

>-----
Trumpiausias atstumas nuo 0 iki 50 yra lygus 6
N=100;t=0.046269;T=0.046757;d=98.9563%
-----
Trumpiausias atstumas nuo 0 iki 100 yra lygus 7
N=200;t=0.033436;T=0.036392;d=91.8773%
-----
Trumpiausias atstumas nuo 0 iki 150 yra lygus 9
N=300;t=0.909775;T=0.916374;d=99.2799%
-----
Trumpiausias atstumas nuo 0 iki 200 yra lygus 7
N=400;t=0.083548;T=0.095424;d=87.5545%
-----
Trumpiausias atstumas nuo 0 iki 250 yra lygus 3
N=500;t=3.28724;T=3.30769;d=99.3817%
-----
Trumpiausias atstumas nuo 0 iki 300 yra lygus 5
N=600;t=5.4913;T=5.52124;d=99.4577%
-----
Trumpiausias atstumas nuo 0 iki 350 yra lygus 5
N=700;t=6.44974;T=6.48984;d=99.3821%
-----
Trumpiausias atstumas nuo 0 iki 400 yra lygus 1
N=800;t=9.83745;T=9.88878;d=99.4809%
-----
Trumpiausias atstumas nuo 0 iki 450 yra lygus 5
N=900;t=10.6679;T=10.7312;d=99.4103%
-----
Trumpiausias atstumas nuo 0 iki 500 yra lygus 4
N=1000;t=14.0572;T=14.1385;d=99.4245%
-----
Trumpiausias atstumas nuo 0 iki 550 yra lygus 4
N=1100;t=13.025;T=13.1197;d=99.2782%
-----
Trumpiausias atstumas nuo 0 iki 600 yra lygus 4
N=1200;t=15.3366;T=15.4518;d=99.2546%
-----
Trumpiausias atstumas nuo 0 iki 650 yra lygus 4
N=1300;t=17.7509;T=17.8838;d=99.2571%
-----
Trumpiausias atstumas nuo 0 iki 700 yra lygus 4
N=1400;t=18.9982;T=19.1529;d=99.1922%
-----
Trumpiausias atstumas nuo 0 iki 750 yra lygus 3
N=1500;t=23.4196;T=23.6069;d=99.2068%
-----
Trumpiausias atstumas nuo 0 iki 800 yra lygus 3
N=1600;t=26.3463;T=26.5459;d=99.2481%
-----
Trumpiausias atstumas nuo 0 iki 850 yra lygus 4
N=1700;t=32.8048;T=33.0282;d=99.3236%
-----
Trumpiausias atstumas nuo 0 iki 900 yra lygus 4
N=1800;t=39.0348;T=39.289;d=99.3531%
-----
Trumpiausias atstumas nuo 0 iki 950 yra lygus 4
N=1900;t=31.9484;T=32.2329;d=99.1172%
-----
Trumpiausias atstumas nuo 0 iki 1000 yra lygus 4
N=2000;t=30.8032;T=31.118;d=98.9884%
-----<

Job finished:
Sun Apr 29 13:39:40 EEST 2018

Epilogue Initiated
Starting cpuspeed daemon
Enabling ondemand cpu frequency scaling: [  OK  ]
Removing /scratch/PBS_TEMP_45538.vilkas.vgtu.lt on node(s): quad-0-7 quad-0-6
Floaters flushed on node(s):
Epilogue Complete
