Prologue Initiated
Stopping cpuspeed daemon
Disabling ondemand cpu frequency scaling: [  OK  ]
Creating temporary directory /scratch/PBS_TEMP_45537.vilkas.vgtu.lt on node(s): quad-0-7 quad-0-6
Prologue Complete

Starting Job:
Sun Apr 29 13:34:35 EEST 2018

Running script on...
quad-0-7.local

Allocated nodes:
quad-0-7
quad-0-6

>-----
Trumpiausias atstumas nuo 0 iki 50 yra lygus 6
N=100;t=0.043881;T=0.044343;d=98.9581%
-----
Trumpiausias atstumas nuo 0 iki 100 yra lygus 7
N=200;t=0.011353;T=0.014287;d=79.4638%
-----
Trumpiausias atstumas nuo 0 iki 150 yra lygus 9
N=300;t=0.043667;T=0.0502;d=86.9861%
-----
Trumpiausias atstumas nuo 0 iki 200 yra lygus 7
N=400;t=0.095165;T=0.106819;d=89.09%
-----
Trumpiausias atstumas nuo 0 iki 250 yra lygus 3
N=500;t=0.157119;T=0.175485;d=89.5341%
-----
Trumpiausias atstumas nuo 0 iki 300 yra lygus 5
N=600;t=0.26956;T=0.297826;d=90.5092%
-----
Trumpiausias atstumas nuo 0 iki 350 yra lygus 5
N=700;t=0.505859;T=0.543557;d=93.0646%
-----
Trumpiausias atstumas nuo 0 iki 400 yra lygus 1
N=800;t=0.817317;T=0.866797;d=94.2916%
-----
Trumpiausias atstumas nuo 0 iki 450 yra lygus 5
N=900;t=2.99139;T=3.05579;d=97.8923%
-----
Trumpiausias atstumas nuo 0 iki 500 yra lygus 4
N=1000;t=9.77856;T=9.85475;d=99.2269%
-----
Trumpiausias atstumas nuo 0 iki 550 yra lygus 4
N=1100;t=9.38043;T=9.4774;d=98.9768%
-----
Trumpiausias atstumas nuo 0 iki 600 yra lygus 4
N=1200;t=9.85217;T=9.96426;d=98.8751%
-----
Trumpiausias atstumas nuo 0 iki 650 yra lygus 4
N=1300;t=13.2965;T=13.4269;d=99.029%
-----
Trumpiausias atstumas nuo 0 iki 700 yra lygus 4
N=1400;t=16.3599;T=16.5124;d=99.077%
-----
Trumpiausias atstumas nuo 0 iki 750 yra lygus 3
N=1500;t=23.0491;T=23.2257;d=99.2393%
-----
Trumpiausias atstumas nuo 0 iki 800 yra lygus 3
N=1600;t=26.875;T=27.0772;d=99.2532%
-----
Trumpiausias atstumas nuo 0 iki 850 yra lygus 4
N=1700;t=31.897;T=32.1243;d=99.2924%
-----
Trumpiausias atstumas nuo 0 iki 900 yra lygus 4
N=1800;t=35.3134;T=35.5677;d=99.285%
-----
Trumpiausias atstumas nuo 0 iki 950 yra lygus 4
N=1900;t=37.6199;T=37.9;d=99.261%
-----
Trumpiausias atstumas nuo 0 iki 1000 yra lygus 4
N=2000;t=37.4049;T=37.7139;d=99.1806%
-----<

Job finished:
Sun Apr 29 13:38:53 EEST 2018

Epilogue Initiated
Starting cpuspeed daemon
Enabling ondemand cpu frequency scaling: [  OK  ]
Removing /scratch/PBS_TEMP_45537.vilkas.vgtu.lt on node(s): quad-0-7 quad-0-6
Floaters flushed on node(s):
Epilogue Complete
