Prologue Initiated
Stopping cpuspeed daemon
Disabling ondemand cpu frequency scaling: [  OK  ]
Creating temporary directory /scratch/PBS_TEMP_45548.vilkas.vgtu.lt on node(s): quad-0-9 quad-0-8
Prologue Complete

Starting Job:
Sun Apr 29 13:41:29 EEST 2018

Running script on...
quad-0-9.local

Allocated nodes:
quad-0-9
quad-0-8

>-----
Trumpiausias atstumas nuo 0 iki 50 yra lygus 6
N=100;t=0.548407;T=0.548973;d=99.8969%
-----
Trumpiausias atstumas nuo 0 iki 100 yra lygus 7
N=200;t=1.31146;T=1.31452;d=99.767%
-----
Trumpiausias atstumas nuo 0 iki 150 yra lygus 9
N=300;t=3.0654;T=3.07236;d=99.7735%
-----
Trumpiausias atstumas nuo 0 iki 200 yra lygus 7
N=400;t=4.26704;T=4.27947;d=99.7095%
-----
Trumpiausias atstumas nuo 0 iki 250 yra lygus 3
N=500;t=5.46692;T=5.48948;d=99.5891%
-----
Trumpiausias atstumas nuo 0 iki 300 yra lygus 5
N=600;t=7.10919;T=7.13745;d=99.6041%
-----
Trumpiausias atstumas nuo 0 iki 350 yra lygus 5
N=700;t=8.68821;T=8.729;d=99.5327%
-----
Trumpiausias atstumas nuo 0 iki 400 yra lygus 1
N=800;t=10.6582;T=10.7116;d=99.501%
-----
Trumpiausias atstumas nuo 0 iki 450 yra lygus 5
N=900;t=12.7387;T=12.8042;d=99.4881%
-----
Trumpiausias atstumas nuo 0 iki 500 yra lygus 4
N=1000;t=15.2233;T=15.3034;d=99.477%
-----
Trumpiausias atstumas nuo 0 iki 550 yra lygus 4
N=1100;t=18.1393;T=18.2351;d=99.4749%
-----
Trumpiausias atstumas nuo 0 iki 600 yra lygus 4
N=1200;t=20.9961;T=21.1126;d=99.4485%
-----
Trumpiausias atstumas nuo 0 iki 650 yra lygus 4
N=1300;t=26.2229;T=26.3592;d=99.483%
-----
Trumpiausias atstumas nuo 0 iki 700 yra lygus 4
N=1400;t=32.0714;T=32.2273;d=99.5163%
-----
Trumpiausias atstumas nuo 0 iki 750 yra lygus 3
N=1500;t=29.8562;T=30.032;d=99.4145%
-----
Trumpiausias atstumas nuo 0 iki 800 yra lygus 3
N=1600;t=25.1175;T=25.324;d=99.1845%
-----
Trumpiausias atstumas nuo 0 iki 850 yra lygus 4
N=1700;t=15.9714;T=16.1949;d=98.6198%
-----
Trumpiausias atstumas nuo 0 iki 900 yra lygus 4
N=1800;t=45.9792;T=46.2274;d=99.4629%
-----
Trumpiausias atstumas nuo 0 iki 950 yra lygus 4
N=1900;t=48.642;T=48.9256;d=99.4204%
-----
Trumpiausias atstumas nuo 0 iki 1000 yra lygus 4
N=2000;t=53.6919;T=54.0013;d=99.4271%
-----<

Job finished:
Sun Apr 29 13:47:57 EEST 2018

Epilogue Initiated
Starting cpuspeed daemon
Removing /scratch/PBS_TEMP_45548.vilkas.vgtu.lt on node(s): quad-0-9 quad-0-8
Floaters flushed on node(s):
Epilogue Complete
