Prologue Initiated
Stopping cpuspeed daemon
Disabling ondemand cpu frequency scaling: [  OK  ]
Creating temporary directory /scratch/PBS_TEMP_45543.vilkas.vgtu.lt on node(s): quad-0-7 quad-0-6
Prologue Complete

Starting Job:
Sun Apr 29 13:39:42 EEST 2018

Running script on...
quad-0-7.local

Allocated nodes:
quad-0-7
quad-0-6

>-----
Trumpiausias atstumas nuo 0 iki 50 yra lygus 6
N=100;t=0.326798;T=0.32733;d=99.8375%
-----
Trumpiausias atstumas nuo 0 iki 100 yra lygus 7
N=200;t=0.703902;T=0.70719;d=99.5351%
-----
Trumpiausias atstumas nuo 0 iki 150 yra lygus 9
N=300;t=1.15497;T=1.16224;d=99.3748%
-----
Trumpiausias atstumas nuo 0 iki 200 yra lygus 7
N=400;t=1.7067;T=1.71966;d=99.2462%
-----
Trumpiausias atstumas nuo 0 iki 250 yra lygus 3
N=500;t=2.39308;T=2.41337;d=99.1596%
-----
Trumpiausias atstumas nuo 0 iki 300 yra lygus 5
N=600;t=3.28041;T=3.30968;d=99.1157%
-----
Trumpiausias atstumas nuo 0 iki 350 yra lygus 5
N=700;t=4.31828;T=4.35775;d=99.0943%
-----
Trumpiausias atstumas nuo 0 iki 400 yra lygus 1
N=800;t=5.6769;T=5.72895;d=99.0914%
-----
Trumpiausias atstumas nuo 0 iki 450 yra lygus 5
N=900;t=7.48943;T=7.55541;d=99.1268%
-----
Trumpiausias atstumas nuo 0 iki 500 yra lygus 4
N=1000;t=9.24153;T=9.32403;d=99.1152%
-----
Trumpiausias atstumas nuo 0 iki 550 yra lygus 4
N=1100;t=11.2712;T=11.3695;d=99.1353%
-----
Trumpiausias atstumas nuo 0 iki 600 yra lygus 4
N=1200;t=13.7598;T=13.8771;d=99.1548%
-----
Trumpiausias atstumas nuo 0 iki 650 yra lygus 4
N=1300;t=6.78499;T=6.91887;d=98.065%
-----
Trumpiausias atstumas nuo 0 iki 700 yra lygus 4
N=1400;t=15.391;T=15.5425;d=99.0249%
-----
Trumpiausias atstumas nuo 0 iki 750 yra lygus 3
N=1500;t=22.6928;T=22.8677;d=99.2348%
-----
Trumpiausias atstumas nuo 0 iki 800 yra lygus 3
N=1600;t=27.1721;T=27.3665;d=99.2895%
-----
Trumpiausias atstumas nuo 0 iki 850 yra lygus 4
N=1700;t=31.9448;T=32.1662;d=99.3118%
-----
Trumpiausias atstumas nuo 0 iki 900 yra lygus 4
N=1800;t=39.8249;T=40.0741;d=99.3781%
-----
Trumpiausias atstumas nuo 0 iki 950 yra lygus 4
N=1900;t=43.7144;T=43.9947;d=99.3629%
-----
Trumpiausias atstumas nuo 0 iki 1000 yra lygus 4
N=2000;t=50.0019;T=50.3126;d=99.3826%
-----<

Job finished:
Sun Apr 29 13:44:43 EEST 2018

Epilogue Initiated
Starting cpuspeed daemon
Enabling ondemand cpu frequency scaling: [  OK  ]
Removing /scratch/PBS_TEMP_45543.vilkas.vgtu.lt on node(s): quad-0-7 quad-0-6
Floaters flushed on node(s):
Epilogue Complete
