Prologue Initiated
Stopping cpuspeed daemon
Disabling ondemand cpu frequency scaling: [  OK  ]
Creating temporary directory /scratch/PBS_TEMP_45542.vilkas.vgtu.lt on node(s): quad-0-9 quad-0-8
Prologue Complete

Starting Job:
Sun Apr 29 13:39:41 EEST 2018

Running script on...
quad-0-9.local

Allocated nodes:
quad-0-9
quad-0-8

>-----
Trumpiausias atstumas nuo 0 iki 50 yra lygus 6
N=100;t=0.342599;T=0.343108;d=99.8517%
-----
Trumpiausias atstumas nuo 0 iki 100 yra lygus 7
N=200;t=0.846166;T=0.849374;d=99.6223%
-----
Trumpiausias atstumas nuo 0 iki 150 yra lygus 9
N=300;t=1.13768;T=1.14462;d=99.3933%
-----
Trumpiausias atstumas nuo 0 iki 200 yra lygus 7
N=400;t=1.68399;T=1.69655;d=99.2598%
-----
Trumpiausias atstumas nuo 0 iki 250 yra lygus 3
N=500;t=2.45134;T=2.47127;d=99.1933%
-----
Trumpiausias atstumas nuo 0 iki 300 yra lygus 5
N=600;t=3.32191;T=3.35055;d=99.1452%
-----
Trumpiausias atstumas nuo 0 iki 350 yra lygus 5
N=700;t=4.39171;T=4.45305;d=98.6225%
-----
Trumpiausias atstumas nuo 0 iki 400 yra lygus 1
N=800;t=5.69497;T=5.74498;d=99.1296%
-----
Trumpiausias atstumas nuo 0 iki 450 yra lygus 5
N=900;t=7.06754;T=7.13281;d=99.0849%
-----
Trumpiausias atstumas nuo 0 iki 500 yra lygus 4
N=1000;t=9.38141;T=9.51047;d=98.643%
-----
Trumpiausias atstumas nuo 0 iki 550 yra lygus 4
N=1100;t=7.99172;T=8.08382;d=98.8606%
-----
Trumpiausias atstumas nuo 0 iki 600 yra lygus 4
N=1200;t=13.8365;T=14.0176;d=98.7083%
-----
Trumpiausias atstumas nuo 0 iki 650 yra lygus 4
N=1300;t=16.7602;T=16.8894;d=99.235%
-----
Trumpiausias atstumas nuo 0 iki 700 yra lygus 4
N=1400;t=20.4221;T=20.5748;d=99.2575%
-----
Trumpiausias atstumas nuo 0 iki 750 yra lygus 3
N=1500;t=15.2448;T=15.43;d=98.8001%
-----
Trumpiausias atstumas nuo 0 iki 800 yra lygus 3
N=1600;t=26.6545;T=26.8496;d=99.2734%
-----
Trumpiausias atstumas nuo 0 iki 850 yra lygus 4
N=1700;t=31.5637;T=31.7847;d=99.3046%
-----
Trumpiausias atstumas nuo 0 iki 900 yra lygus 4
N=1800;t=36.9013;T=37.1513;d=99.3271%
-----
Trumpiausias atstumas nuo 0 iki 950 yra lygus 4
N=1900;t=42.8646;T=43.141;d=99.3595%
-----
Trumpiausias atstumas nuo 0 iki 1000 yra lygus 4
N=2000;t=49.6373;T=49.9465;d=99.3809%
-----<

Job finished:
Sun Apr 29 13:44:42 EEST 2018

Epilogue Initiated
Starting cpuspeed daemon
Enabling ondemand cpu frequency scaling: [  OK  ]
Removing /scratch/PBS_TEMP_45542.vilkas.vgtu.lt on node(s): quad-0-9 quad-0-8
Floaters flushed on node(s):
Epilogue Complete
