Prologue Initiated
Stopping cpuspeed daemon
Disabling ondemand cpu frequency scaling: [  OK  ]
Creating temporary directory /scratch/PBS_TEMP_45546.vilkas.vgtu.lt on node(s): quad-0-7 quad-0-6
Prologue Complete

Starting Job:
Sun Apr 29 13:40:51 EEST 2018

Running script on...
quad-0-7.local

Allocated nodes:
quad-0-7
quad-0-6

>-----
Trumpiausias atstumas nuo 0 iki 50 yra lygus 6
N=100;t=0.647526;T=0.64812;d=99.9084%
-----
Trumpiausias atstumas nuo 0 iki 100 yra lygus 7
N=200;t=1.33997;T=1.34329;d=99.753%
-----
Trumpiausias atstumas nuo 0 iki 150 yra lygus 9
N=300;t=0.715212;T=0.722437;d=98.9999%
-----
Trumpiausias atstumas nuo 0 iki 200 yra lygus 7
N=400;t=0.638847;T=0.651071;d=98.1225%
-----
Trumpiausias atstumas nuo 0 iki 250 yra lygus 3
N=500;t=0.865405;T=0.884958;d=97.7905%
-----
Trumpiausias atstumas nuo 0 iki 300 yra lygus 5
N=600;t=0.394624;T=0.422616;d=93.3765%
-----
Trumpiausias atstumas nuo 0 iki 350 yra lygus 5
N=700;t=1.10336;T=1.14226;d=96.5942%
-----
Trumpiausias atstumas nuo 0 iki 400 yra lygus 1
N=800;t=1.05193;T=1.10232;d=95.4285%
-----
Trumpiausias atstumas nuo 0 iki 450 yra lygus 5
N=900;t=2.87059;T=2.93433;d=97.8278%
-----
Trumpiausias atstumas nuo 0 iki 500 yra lygus 4
N=1000;t=10.4223;T=10.5031;d=99.231%
-----
Trumpiausias atstumas nuo 0 iki 550 yra lygus 4
N=1100;t=14.412;T=14.5063;d=99.3503%
-----
Trumpiausias atstumas nuo 0 iki 600 yra lygus 4
N=1200;t=17.236;T=17.3477;d=99.3562%
-----
Trumpiausias atstumas nuo 0 iki 650 yra lygus 4
N=1300;t=18.2274;T=18.3597;d=99.2794%
-----
Trumpiausias atstumas nuo 0 iki 700 yra lygus 4
N=1400;t=14.7505;T=14.9051;d=98.9626%
-----
Trumpiausias atstumas nuo 0 iki 750 yra lygus 3
N=1500;t=18.5345;T=18.7104;d=99.0596%
-----
Trumpiausias atstumas nuo 0 iki 800 yra lygus 3
N=1600;t=30.7276;T=31.0846;d=98.8517%
-----
Trumpiausias atstumas nuo 0 iki 850 yra lygus 4
N=1700;t=38.0572;T=38.2823;d=99.4121%
-----
Trumpiausias atstumas nuo 0 iki 900 yra lygus 4
N=1800;t=33.6056;T=33.8573;d=99.2568%
-----
Trumpiausias atstumas nuo 0 iki 950 yra lygus 4
N=1900;t=36.1365;T=36.4164;d=99.2313%
-----
Trumpiausias atstumas nuo 0 iki 1000 yra lygus 4
N=2000;t=38.9971;T=39.3186;d=99.1824%
-----<

Job finished:
Sun Apr 29 13:45:35 EEST 2018

Epilogue Initiated
Starting cpuspeed daemon
Enabling ondemand cpu frequency scaling: [  OK  ]
Removing /scratch/PBS_TEMP_45546.vilkas.vgtu.lt on node(s): quad-0-7 quad-0-6
Floaters flushed on node(s):
Epilogue Complete
