Prologue Initiated
Stopping cpuspeed daemon
Disabling ondemand cpu frequency scaling: [  OK  ]
Creating temporary directory /scratch/PBS_TEMP_45547.vilkas.vgtu.lt on node(s): quad-0-7 quad-0-6
Prologue Complete

Starting Job:
Sun Apr 29 13:41:02 EEST 2018

Running script on...
quad-0-7.local

Allocated nodes:
quad-0-7
quad-0-6

>-----
Trumpiausias atstumas nuo 0 iki 50 yra lygus 6
N=100;t=0.657955;T=0.658488;d=99.9191%
-----
Trumpiausias atstumas nuo 0 iki 100 yra lygus 7
N=200;t=1.34739;T=1.3505;d=99.7696%
-----
Trumpiausias atstumas nuo 0 iki 150 yra lygus 9
N=300;t=2.11537;T=2.1223;d=99.6737%
-----
Trumpiausias atstumas nuo 0 iki 200 yra lygus 7
N=400;t=3.02123;T=3.0335;d=99.5952%
-----
Trumpiausias atstumas nuo 0 iki 250 yra lygus 3
N=500;t=4.01305;T=4.03309;d=99.5032%
-----
Trumpiausias atstumas nuo 0 iki 300 yra lygus 5
N=600;t=5.16439;T=5.19287;d=99.4515%
-----
Trumpiausias atstumas nuo 0 iki 350 yra lygus 5
N=700;t=6.48927;T=6.52736;d=99.4164%
-----
Trumpiausias atstumas nuo 0 iki 400 yra lygus 1
N=800;t=5.47099;T=5.52092;d=99.0956%
-----
Trumpiausias atstumas nuo 0 iki 450 yra lygus 5
N=900;t=5.72024;T=5.78623;d=98.8594%
-----
Trumpiausias atstumas nuo 0 iki 500 yra lygus 4
N=1000;t=6.97787;T=7.05617;d=98.8903%
-----
Trumpiausias atstumas nuo 0 iki 550 yra lygus 4
N=1100;t=8.52772;T=8.62194;d=98.9072%
-----
Trumpiausias atstumas nuo 0 iki 600 yra lygus 4
N=1200;t=13.2246;T=13.337;d=99.1567%
-----
Trumpiausias atstumas nuo 0 iki 650 yra lygus 4
N=1300;t=18.4802;T=18.6137;d=99.2828%
-----
Trumpiausias atstumas nuo 0 iki 700 yra lygus 4
N=1400;t=20.8376;T=20.9916;d=99.2666%
-----
Trumpiausias atstumas nuo 0 iki 750 yra lygus 3
N=1500;t=17.2651;T=17.4417;d=98.9873%
-----
Trumpiausias atstumas nuo 0 iki 800 yra lygus 3
N=1600;t=20.5095;T=20.7087;d=99.0377%
-----
Trumpiausias atstumas nuo 0 iki 850 yra lygus 4
N=1700;t=23.8314;T=24.058;d=99.0583%
-----
Trumpiausias atstumas nuo 0 iki 900 yra lygus 4
N=1800;t=35.4251;T=35.6844;d=99.2733%
-----
Trumpiausias atstumas nuo 0 iki 950 yra lygus 4
N=1900;t=30.4679;T=30.7538;d=99.0701%
-----
Trumpiausias atstumas nuo 0 iki 1000 yra lygus 4
N=2000;t=43.6232;T=43.9365;d=99.287%
-----<

Job finished:
Sun Apr 29 13:45:37 EEST 2018

Epilogue Initiated
Starting cpuspeed daemon
Removing /scratch/PBS_TEMP_45547.vilkas.vgtu.lt on node(s): quad-0-7 quad-0-6
Floaters flushed on node(s):
Epilogue Complete
