Prologue Initiated
Stopping cpuspeed daemon
Disabling ondemand cpu frequency scaling: [  OK  ]
Creating temporary directory /scratch/PBS_TEMP_45533.vilkas.vgtu.lt on node(s): quad-0-9 quad-0-8
Prologue Complete

Starting Job:
Sun Apr 29 13:34:35 EEST 2018

Running script on...
quad-0-9.local

Allocated nodes:
quad-0-9
quad-0-8

>-----
Trumpiausias atstumas nuo 0 iki 50 yra lygus 6
N=100;t=0.02548;T=0.025955;d=98.1699%
-----
Trumpiausias atstumas nuo 0 iki 100 yra lygus 7
N=200;t=0.010678;T=0.01362;d=78.3994%
-----
Trumpiausias atstumas nuo 0 iki 150 yra lygus 9
N=300;t=0.045698;T=0.052199;d=87.5457%
-----
Trumpiausias atstumas nuo 0 iki 200 yra lygus 7
N=400;t=0.078033;T=0.0895;d=87.1877%
-----
Trumpiausias atstumas nuo 0 iki 250 yra lygus 3
N=500;t=0.154902;T=0.173385;d=89.3399%
-----
Trumpiausias atstumas nuo 0 iki 300 yra lygus 5
N=600;t=0.255693;T=0.282473;d=90.5194%
-----
Trumpiausias atstumas nuo 0 iki 350 yra lygus 5
N=700;t=0.401506;T=0.437267;d=91.8217%
-----
Trumpiausias atstumas nuo 0 iki 400 yra lygus 1
N=800;t=0.5984;T=0.643672;d=92.9666%
-----
Trumpiausias atstumas nuo 0 iki 450 yra lygus 5
N=900;t=0.908002;T=0.966367;d=93.9604%
-----
Trumpiausias atstumas nuo 0 iki 500 yra lygus 4
N=1000;t=9.06005;T=9.13393;d=99.1912%
-----
Trumpiausias atstumas nuo 0 iki 550 yra lygus 4
N=1100;t=11.9899;T=12.0811;d=99.2451%
-----
Trumpiausias atstumas nuo 0 iki 600 yra lygus 4
N=1200;t=14.5564;T=14.656;d=99.3202%
-----
Trumpiausias atstumas nuo 0 iki 650 yra lygus 4
N=1300;t=17.4002;T=17.5198;d=99.3173%
-----
Trumpiausias atstumas nuo 0 iki 700 yra lygus 4
N=1400;t=20.8384;T=20.9832;d=99.3099%
-----
Trumpiausias atstumas nuo 0 iki 750 yra lygus 3
N=1500;t=24.5688;T=24.7318;d=99.3406%
-----
Trumpiausias atstumas nuo 0 iki 800 yra lygus 3
N=1600;t=28.7794;T=28.9711;d=99.3384%
-----
Trumpiausias atstumas nuo 0 iki 850 yra lygus 4
N=1700;t=33.4498;T=33.6746;d=99.3327%
-----
Trumpiausias atstumas nuo 0 iki 900 yra lygus 4
N=1800;t=39.0336;T=39.2861;d=99.3575%
-----
Trumpiausias atstumas nuo 0 iki 950 yra lygus 4
N=1900;t=44.8235;T=45.0859;d=99.418%
-----
Trumpiausias atstumas nuo 0 iki 1000 yra lygus 4
N=2000;t=51.1835;T=51.4969;d=99.3914%
-----<

Job finished:
Sun Apr 29 13:39:36 EEST 2018

Epilogue Initiated
Starting cpuspeed daemon
Enabling ondemand cpu frequency scaling: [  OK  ]
Removing /scratch/PBS_TEMP_45533.vilkas.vgtu.lt on node(s): quad-0-9 quad-0-8
Floaters flushed on node(s):
Epilogue Complete
