Prologue Initiated
Stopping cpuspeed daemon
Disabling ondemand cpu frequency scaling: [  OK  ]
Creating temporary directory /scratch/PBS_TEMP_45552.vilkas.vgtu.lt on node(s): quad-0-7 quad-0-6
Prologue Complete

Starting Job:
Sun Apr 29 13:45:41 EEST 2018

Running script on...
quad-0-7.local

Allocated nodes:
quad-0-7
quad-0-6

>-----
Trumpiausias atstumas nuo 0 iki 50 yra lygus 6
N=100;t=0.913661;T=0.914244;d=99.9362%
-----
Trumpiausias atstumas nuo 0 iki 100 yra lygus 7
N=200;t=1.60212;T=1.60533;d=99.8002%
-----
Trumpiausias atstumas nuo 0 iki 150 yra lygus 9
N=300;t=2.17321;T=2.17984;d=99.6958%
-----
Trumpiausias atstumas nuo 0 iki 200 yra lygus 7
N=400;t=2.87422;T=2.88599;d=99.5923%
-----
Trumpiausias atstumas nuo 0 iki 250 yra lygus 3
N=500;t=3.32977;T=3.34842;d=99.443%
-----
Trumpiausias atstumas nuo 0 iki 300 yra lygus 5
N=600;t=6.92913;T=6.95594;d=99.6145%
-----
Trumpiausias atstumas nuo 0 iki 350 yra lygus 5
N=700;t=5.77751;T=5.81404;d=99.3717%
-----
Trumpiausias atstumas nuo 0 iki 400 yra lygus 1
N=800;t=3.98542;T=4.03434;d=98.7872%
-----
Trumpiausias atstumas nuo 0 iki 450 yra lygus 5
N=900;t=6.02518;T=6.0862;d=98.9973%
-----
Trumpiausias atstumas nuo 0 iki 500 yra lygus 4
N=1000;t=7.11581;T=7.1915;d=98.9475%
-----
Trumpiausias atstumas nuo 0 iki 550 yra lygus 4
N=1100;t=8.34601;T=8.43679;d=98.924%
-----
Trumpiausias atstumas nuo 0 iki 600 yra lygus 4
N=1200;t=10.2369;T=10.3449;d=98.9556%
-----
Trumpiausias atstumas nuo 0 iki 650 yra lygus 4
N=1300;t=14.8281;T=14.9561;d=99.144%
-----
Trumpiausias atstumas nuo 0 iki 700 yra lygus 4
N=1400;t=17.044;T=17.1931;d=99.1328%
-----
Trumpiausias atstumas nuo 0 iki 750 yra lygus 3
N=1500;t=20.6825;T=20.8617;d=99.1407%
-----
Trumpiausias atstumas nuo 0 iki 800 yra lygus 3
N=1600;t=22.0798;T=22.2785;d=99.1082%
-----
Trumpiausias atstumas nuo 0 iki 850 yra lygus 4
N=1700;t=26.6624;T=26.9476;d=98.9416%
-----
Trumpiausias atstumas nuo 0 iki 900 yra lygus 4
N=1800;t=30.0672;T=30.3144;d=99.1845%
-----
Trumpiausias atstumas nuo 0 iki 950 yra lygus 4
N=1900;t=32.9953;T=33.2706;d=99.1726%
-----
Trumpiausias atstumas nuo 0 iki 1000 yra lygus 4
N=2000;t=41.1523;T=41.4655;d=99.2447%
-----<

Job finished:
Sun Apr 29 13:50:08 EEST 2018

Epilogue Initiated
Starting cpuspeed daemon
Removing /scratch/PBS_TEMP_45552.vilkas.vgtu.lt on node(s): quad-0-7 quad-0-6
Floaters flushed on node(s):
Epilogue Complete
