Prologue Initiated
Stopping cpuspeed daemon
Disabling ondemand cpu frequency scaling: [  OK  ]
Creating temporary directory /scratch/PBS_TEMP_45585.vilkas.vgtu.lt on node(s): quad-0-7 quad-0-6
Prologue Complete

Starting Job:
Sun Apr 29 16:08:20 EEST 2018

Running script on...
quad-0-7.local

Allocated nodes:
quad-0-7
quad-0-6

>-----
Trumpiausias atstumas nuo 0 iki 500 yra lygus 4
N=1000;t=30.6734;T=30.7076;d=99.8884%
-----
Trumpiausias atstumas nuo 0 iki 550 yra lygus 4
N=1100;t=24.6877;T=24.9209;d=99.0643%
-----
Trumpiausias atstumas nuo 0 iki 600 yra lygus 4
N=1200;t=20.1781;T=20.4173;d=98.8283%
-----
Trumpiausias atstumas nuo 0 iki 650 yra lygus 4
N=1300;t=22.0571;T=22.2031;d=99.3424%
-----
Trumpiausias atstumas nuo 0 iki 700 yra lygus 4
N=1400;t=76.2848;T=76.5371;d=99.6704%
-----
Trumpiausias atstumas nuo 0 iki 750 yra lygus 3
N=1500;t=50.8251;T=51.084;d=99.4933%
-----
Trumpiausias atstumas nuo 0 iki 800 yra lygus 3
N=1600;t=11.1904;T=11.3582;d=98.523%
-----
Trumpiausias atstumas nuo 0 iki 850 yra lygus 4
N=1700;t=67.5163;T=67.7986;d=99.5836%
-----
Trumpiausias atstumas nuo 0 iki 900 yra lygus 4
N=1800;t=28.8564;T=29.052;d=99.3269%
-----
Trumpiausias atstumas nuo 0 iki 950 yra lygus 4
N=1900;t=10.2782;T=10.3932;d=98.8937%
-----
Trumpiausias atstumas nuo 0 iki 1000 yra lygus 4
N=2000;t=12.0212;T=12.1506;d=98.935%
-----<
>-----<

Job finished:
Sun Apr 29 16:14:21 EEST 2018

Epilogue Initiated
Starting cpuspeed daemon
Removing /scratch/PBS_TEMP_45585.vilkas.vgtu.lt on node(s): quad-0-7 quad-0-6
Floaters flushed on node(s):
Epilogue Complete
