Prologue Initiated
Stopping cpuspeed daemon
Disabling ondemand cpu frequency scaling: [  OK  ]
Creating temporary directory /scratch/PBS_TEMP_45572.vilkas.vgtu.lt on node(s): quad-0-9 quad-0-8
Prologue Complete

Starting Job:
Sun Apr 29 16:04:38 EEST 2018

Running script on...
quad-0-9.local

Allocated nodes:
quad-0-9
quad-0-8

>-----
Trumpiausias atstumas nuo 0 iki 500 yra lygus 4
N=1000;t=2.90547;T=2.94674;d=98.5993%
-----
Trumpiausias atstumas nuo 0 iki 550 yra lygus 4
N=1100;t=3.8558;T=3.89117;d=99.0911%
-----
Trumpiausias atstumas nuo 0 iki 600 yra lygus 4
N=1200;t=4.97234;T=5.01466;d=99.1562%
-----
Trumpiausias atstumas nuo 0 iki 650 yra lygus 4
N=1300;t=6.34432;T=6.39365;d=99.2284%
-----
Trumpiausias atstumas nuo 0 iki 700 yra lygus 4
N=1400;t=7.87497;T=7.93277;d=99.2713%
-----
Trumpiausias atstumas nuo 0 iki 750 yra lygus 3
N=1500;t=9.52154;T=9.59522;d=99.2321%
-----
Trumpiausias atstumas nuo 0 iki 800 yra lygus 3
N=1600;t=11.5666;T=11.6538;d=99.2522%
-----
Trumpiausias atstumas nuo 0 iki 850 yra lygus 4
N=1700;t=13.7466;T=13.8441;d=99.296%
-----
Trumpiausias atstumas nuo 0 iki 900 yra lygus 4
N=1800;t=16.2402;T=16.3514;d=99.3203%
-----
Trumpiausias atstumas nuo 0 iki 950 yra lygus 4
N=1900;t=18.8602;T=18.9842;d=99.3469%
-----
Trumpiausias atstumas nuo 0 iki 1000 yra lygus 4
N=2000;t=21.7437;T=21.8838;d=99.36%
-----<

Job finished:
Sun Apr 29 16:06:38 EEST 2018

Epilogue Initiated
Starting cpuspeed daemon
Enabling ondemand cpu frequency scaling: [  OK  ]
Removing /scratch/PBS_TEMP_45572.vilkas.vgtu.lt on node(s): quad-0-9 quad-0-8
Floaters flushed on node(s):
Epilogue Complete
