Prologue Initiated
Stopping cpuspeed daemon

Creating temporary directory /scratch/PBS_TEMP_45579.vilkas.vgtu.lt on node(s): quad-0-7 quad-0-6
Prologue Complete

Starting Job:
Sun Apr 29 16:04:39 EEST 2018

Running script on...
quad-0-7.local

Allocated nodes:
quad-0-7
quad-0-6

>-----
Trumpiausias atstumas nuo 0 iki 500 yra lygus 4
N=1000;t=2.91122;T=2.95023;d=98.6778%
-----
Trumpiausias atstumas nuo 0 iki 550 yra lygus 4
N=1100;t=4.08406;T=4.11982;d=99.1322%
-----
Trumpiausias atstumas nuo 0 iki 600 yra lygus 4
N=1200;t=5.00098;T=5.0436;d=99.155%
-----
Trumpiausias atstumas nuo 0 iki 650 yra lygus 4
N=1300;t=6.46521;T=6.51881;d=99.1778%
-----
Trumpiausias atstumas nuo 0 iki 700 yra lygus 4
N=1400;t=8.11587;T=8.17357;d=99.2941%
-----
Trumpiausias atstumas nuo 0 iki 750 yra lygus 3
N=1500;t=9.79473;T=9.86831;d=99.2544%
-----
Trumpiausias atstumas nuo 0 iki 800 yra lygus 3
N=1600;t=11.3844;T=11.4706;d=99.2484%
-----
Trumpiausias atstumas nuo 0 iki 850 yra lygus 4
N=1700;t=14.0463;T=14.1436;d=99.3117%
-----
Trumpiausias atstumas nuo 0 iki 900 yra lygus 4
N=1800;t=16.4958;T=16.606;d=99.3365%
-----
Trumpiausias atstumas nuo 0 iki 950 yra lygus 4
N=1900;t=19.2069;T=19.3308;d=99.359%
-----
Trumpiausias atstumas nuo 0 iki 1000 yra lygus 4
N=2000;t=22.0536;T=22.1932;d=99.3712%
-----<

Job finished:
Sun Apr 29 16:06:40 EEST 2018

Epilogue Initiated
Starting cpuspeed daemon
Enabling ondemand cpu frequency scaling: [  OK  ]
Removing /scratch/PBS_TEMP_45579.vilkas.vgtu.lt on node(s): quad-0-7 quad-0-6
Floaters flushed on node(s):
Epilogue Complete
