Prologue Initiated
Stopping cpuspeed daemon

Creating temporary directory /scratch/PBS_TEMP_45574.vilkas.vgtu.lt on node(s): quad-0-9 quad-0-8
Prologue Complete

Starting Job:
Sun Apr 29 16:04:39 EEST 2018

Running script on...
quad-0-9.local

Allocated nodes:
quad-0-9
quad-0-8

>-----
Trumpiausias atstumas nuo 0 iki 500 yra lygus 4
N=1000;t=3.07646;T=3.1125;d=98.8422%
-----
Trumpiausias atstumas nuo 0 iki 550 yra lygus 4
N=1100;t=4.03731;T=4.07346;d=99.1125%
-----
Trumpiausias atstumas nuo 0 iki 600 yra lygus 4
N=1200;t=4.99216;T=5.03624;d=99.1249%
-----
Trumpiausias atstumas nuo 0 iki 650 yra lygus 4
N=1300;t=6.47147;T=6.5211;d=99.239%
-----
Trumpiausias atstumas nuo 0 iki 700 yra lygus 4
N=1400;t=7.97871;T=8.03714;d=99.273%
-----
Trumpiausias atstumas nuo 0 iki 750 yra lygus 3
N=1500;t=9.5358;T=9.61052;d=99.2225%
-----
Trumpiausias atstumas nuo 0 iki 800 yra lygus 3
N=1600;t=11.5233;T=11.6135;d=99.2232%
-----
Trumpiausias atstumas nuo 0 iki 850 yra lygus 4
N=1700;t=13.8883;T=13.987;d=99.2945%
-----
Trumpiausias atstumas nuo 0 iki 900 yra lygus 4
N=1800;t=16.3853;T=16.4977;d=99.3185%
-----
Trumpiausias atstumas nuo 0 iki 950 yra lygus 4
N=1900;t=18.9544;T=19.0812;d=99.3351%
-----
Trumpiausias atstumas nuo 0 iki 1000 yra lygus 4
N=2000;t=21.3954;T=21.5386;d=99.3352%
-----<

Job finished:
Sun Apr 29 16:06:38 EEST 2018

Epilogue Initiated
Starting cpuspeed daemon
Removing /scratch/PBS_TEMP_45574.vilkas.vgtu.lt on node(s): quad-0-9 quad-0-8
Floaters flushed on node(s):
Epilogue Complete
