Prologue Initiated
Stopping cpuspeed daemon

Creating temporary directory /scratch/PBS_TEMP_45581.vilkas.vgtu.lt on node(s): quad-0-9 quad-0-8
Prologue Complete

Starting Job:
Sun Apr 29 16:06:41 EEST 2018

Running script on...
quad-0-9.local

Allocated nodes:
quad-0-9
quad-0-8

>-----
Trumpiausias atstumas nuo 0 iki 500 yra lygus 4
N=1000;t=4.4629;T=4.50399;d=99.0877%
-----
Trumpiausias atstumas nuo 0 iki 550 yra lygus 4
N=1100;t=2.83077;T=2.86699;d=98.7369%
-----
Trumpiausias atstumas nuo 0 iki 600 yra lygus 4
N=1200;t=3.77935;T=3.82196;d=98.8852%
-----
Trumpiausias atstumas nuo 0 iki 650 yra lygus 4
N=1300;t=4.70483;T=4.75795;d=98.8836%
-----
Trumpiausias atstumas nuo 0 iki 700 yra lygus 4
N=1400;t=21.6546;T=21.712;d=99.7356%
-----
Trumpiausias atstumas nuo 0 iki 750 yra lygus 3
N=1500;t=25.2282;T=25.292;d=99.7478%
-----
Trumpiausias atstumas nuo 0 iki 800 yra lygus 3
N=1600;t=18.7338;T=18.806;d=99.6158%
-----
Trumpiausias atstumas nuo 0 iki 850 yra lygus 4
N=1700;t=15.877;T=15.9584;d=99.4901%
-----
Trumpiausias atstumas nuo 0 iki 900 yra lygus 4
N=1800;t=10.2715;T=10.3612;d=99.135%
-----
Trumpiausias atstumas nuo 0 iki 950 yra lygus 4
N=1900;t=13.0821;T=13.1892;d=99.1878%
-----
Trumpiausias atstumas nuo 0 iki 1000 yra lygus 4
N=2000;t=14.7463;T=14.8615;d=99.2247%
-----<
>-----<

Job finished:
Sun Apr 29 16:08:59 EEST 2018

Epilogue Initiated
Starting cpuspeed daemon
Removing /scratch/PBS_TEMP_45581.vilkas.vgtu.lt on node(s): quad-0-9 quad-0-8
Floaters flushed on node(s):
Epilogue Complete
