Prologue Initiated
Stopping cpuspeed daemon
Disabling ondemand cpu frequency scaling: [  OK  ]
Creating temporary directory /scratch/PBS_TEMP_45576.vilkas.vgtu.lt on node(s): quad-0-7 quad-0-6
Prologue Complete

Starting Job:
Sun Apr 29 16:04:38 EEST 2018

Running script on...
quad-0-7.local

Allocated nodes:
quad-0-7
quad-0-6

>-----
Trumpiausias atstumas nuo 0 iki 500 yra lygus 4
N=1000;t=5.26842;T=5.30299;d=99.3481%
-----
Trumpiausias atstumas nuo 0 iki 550 yra lygus 4
N=1100;t=7.51221;T=7.55953;d=99.374%
-----
Trumpiausias atstumas nuo 0 iki 600 yra lygus 4
N=1200;t=9.83555;T=9.8908;d=99.4414%
-----
Trumpiausias atstumas nuo 0 iki 650 yra lygus 4
N=1300;t=12.2247;T=12.2903;d=99.4667%
-----
Trumpiausias atstumas nuo 0 iki 700 yra lygus 4
N=1400;t=15.155;T=15.2298;d=99.5086%
-----
Trumpiausias atstumas nuo 0 iki 750 yra lygus 3
N=1500;t=18.7518;T=18.8385;d=99.5399%
-----
Trumpiausias atstumas nuo 0 iki 800 yra lygus 3
N=1600;t=22.3205;T=22.4192;d=99.5594%
-----
Trumpiausias atstumas nuo 0 iki 850 yra lygus 4
N=1700;t=26.4692;T=26.5785;d=99.5887%
-----
Trumpiausias atstumas nuo 0 iki 900 yra lygus 4
N=1800;t=28.1042;T=28.2258;d=99.569%
-----
Trumpiausias atstumas nuo 0 iki 950 yra lygus 4
N=1900;t=28.9074;T=29.0346;d=99.5618%
-----
Trumpiausias atstumas nuo 0 iki 1000 yra lygus 4
N=2000;t=36.9501;T=37.0939;d=99.6123%
-----<

Job finished:
Sun Apr 29 16:08:11 EEST 2018

Epilogue Initiated
Starting cpuspeed daemon
Enabling ondemand cpu frequency scaling: [  OK  ]
Removing /scratch/PBS_TEMP_45576.vilkas.vgtu.lt on node(s): quad-0-7 quad-0-6
Floaters flushed on node(s):
Epilogue Complete
