Prologue Initiated
Stopping cpuspeed daemon

Creating temporary directory /scratch/PBS_TEMP_45573.vilkas.vgtu.lt on node(s): quad-0-9 quad-0-8
Prologue Complete

Starting Job:
Sun Apr 29 16:04:39 EEST 2018

Running script on...
quad-0-9.local

Allocated nodes:
quad-0-9
quad-0-8

>-----
Trumpiausias atstumas nuo 0 iki 500 yra lygus 4
N=1000;t=3.27298;T=3.31514;d=98.7282%
-----
Trumpiausias atstumas nuo 0 iki 550 yra lygus 4
N=1100;t=4.31796;T=4.35732;d=99.0967%
-----
Trumpiausias atstumas nuo 0 iki 600 yra lygus 4
N=1200;t=5.49439;T=5.53959;d=99.184%
-----
Trumpiausias atstumas nuo 0 iki 650 yra lygus 4
N=1300;t=6.93447;T=6.98723;d=99.2449%
-----
Trumpiausias atstumas nuo 0 iki 700 yra lygus 4
N=1400;t=8.57189;T=8.63303;d=99.2918%
-----
Trumpiausias atstumas nuo 0 iki 750 yra lygus 3
N=1500;t=10.3518;T=10.4299;d=99.2511%
-----
Trumpiausias atstumas nuo 0 iki 800 yra lygus 3
N=1600;t=12.341;T=12.4318;d=99.2693%
-----
Trumpiausias atstumas nuo 0 iki 850 yra lygus 4
N=1700;t=14.6704;T=14.7738;d=99.3004%
-----
Trumpiausias atstumas nuo 0 iki 900 yra lygus 4
N=1800;t=17.3029;T=17.4191;d=99.3328%
-----
Trumpiausias atstumas nuo 0 iki 950 yra lygus 4
N=1900;t=20.0428;T=20.1731;d=99.3541%
-----
Trumpiausias atstumas nuo 0 iki 1000 yra lygus 4
N=2000;t=21.2141;T=21.3588;d=99.3225%
-----<

Job finished:
Sun Apr 29 16:06:45 EEST 2018

Epilogue Initiated
Starting cpuspeed daemon
Enabling ondemand cpu frequency scaling: [  OK  ]
Removing /scratch/PBS_TEMP_45573.vilkas.vgtu.lt on node(s): quad-0-9 quad-0-8
Floaters flushed on node(s):
Epilogue Complete
