Prologue Initiated
Stopping cpuspeed daemon

Creating temporary directory /scratch/PBS_TEMP_45577.vilkas.vgtu.lt on node(s): quad-0-7 quad-0-6
Prologue Complete

Starting Job:
Sun Apr 29 16:04:39 EEST 2018

Running script on...
quad-0-7.local

Allocated nodes:
quad-0-7
quad-0-6

>-----
Trumpiausias atstumas nuo 0 iki 500 yra lygus 4
N=1000;t=5.34319;T=5.37997;d=99.3164%
-----
Trumpiausias atstumas nuo 0 iki 550 yra lygus 4
N=1100;t=7.4967;T=7.54467;d=99.3642%
-----
Trumpiausias atstumas nuo 0 iki 600 yra lygus 4
N=1200;t=9.86907;T=9.92566;d=99.4299%
-----
Trumpiausias atstumas nuo 0 iki 650 yra lygus 4
N=1300;t=12.1974;T=12.2649;d=99.4496%
-----
Trumpiausias atstumas nuo 0 iki 700 yra lygus 4
N=1400;t=15.2854;T=15.3618;d=99.5026%
-----
Trumpiausias atstumas nuo 0 iki 750 yra lygus 3
N=1500;t=18.6572;T=18.7473;d=99.5193%
-----
Trumpiausias atstumas nuo 0 iki 800 yra lygus 3
N=1600;t=22.2866;T=22.3863;d=99.5547%
-----
Trumpiausias atstumas nuo 0 iki 850 yra lygus 4
N=1700;t=26.4315;T=26.5433;d=99.5789%
-----
Trumpiausias atstumas nuo 0 iki 900 yra lygus 4
N=1800;t=28.0886;T=28.2132;d=99.5581%
-----
Trumpiausias atstumas nuo 0 iki 950 yra lygus 4
N=1900;t=28.8363;T=28.9671;d=99.5484%
-----
Trumpiausias atstumas nuo 0 iki 1000 yra lygus 4
N=2000;t=36.7739;T=36.9199;d=99.6046%
-----<

Job finished:
Sun Apr 29 16:08:11 EEST 2018

Epilogue Initiated
Starting cpuspeed daemon
Enabling ondemand cpu frequency scaling: [  OK  ]
Removing /scratch/PBS_TEMP_45577.vilkas.vgtu.lt on node(s): quad-0-7 quad-0-6
Floaters flushed on node(s):
Epilogue Complete
