Prologue Initiated
Stopping cpuspeed daemon
Disabling ondemand cpu frequency scaling: [  OK  ]
Creating temporary directory /scratch/PBS_TEMP_45584.vilkas.vgtu.lt on node(s): quad-0-7 quad-0-6
Prologue Complete

Starting Job:
Sun Apr 29 16:06:56 EEST 2018

Running script on...
quad-0-7.local

Allocated nodes:
quad-0-7
quad-0-6

>-----
Trumpiausias atstumas nuo 0 iki 500 yra lygus 4
N=1000;t=1.5578;T=1.59348;d=97.7612%
-----
Trumpiausias atstumas nuo 0 iki 550 yra lygus 4
N=1100;t=15.8761;T=15.9121;d=99.7743%
-----
Trumpiausias atstumas nuo 0 iki 600 yra lygus 4
N=1200;t=13.4601;T=13.6015;d=98.9599%
-----
Trumpiausias atstumas nuo 0 iki 650 yra lygus 4
N=1300;t=13.551;T=13.6007;d=99.635%
-----
Trumpiausias atstumas nuo 0 iki 700 yra lygus 4
N=1400;t=13.4405;T=13.5967;d=98.8518%
-----
Trumpiausias atstumas nuo 0 iki 750 yra lygus 3
N=1500;t=13.6719;T=13.8355;d=98.8179%
-----
Trumpiausias atstumas nuo 0 iki 800 yra lygus 3
N=1600;t=6.7451;T=6.81771;d=98.935%
-----
Trumpiausias atstumas nuo 0 iki 850 yra lygus 4
N=1700;t=7.33318;T=7.42514;d=98.7615%
-----
Trumpiausias atstumas nuo 0 iki 900 yra lygus 4
N=1800;t=140.807;T=140.911;d=99.9257%
-----
Trumpiausias atstumas nuo 0 iki 950 yra lygus 4
N=1900;t=95.6273;T=95.7346;d=99.8879%
-----
Trumpiausias atstumas nuo 0 iki 1000 yra lygus 4
N=2000;t=90.091;T=90.2005;d=99.8786%
-----<
>-----<

Job finished:
Sun Apr 29 16:13:51 EEST 2018

Epilogue Initiated
Starting cpuspeed daemon
Removing /scratch/PBS_TEMP_45584.vilkas.vgtu.lt on node(s): quad-0-7 quad-0-6
Floaters flushed on node(s):
Epilogue Complete
