Prologue Initiated
Stopping cpuspeed daemon

Creating temporary directory /scratch/PBS_TEMP_45578.vilkas.vgtu.lt on node(s): quad-0-7 quad-0-6
Prologue Complete

Starting Job:
Sun Apr 29 16:04:39 EEST 2018

Running script on...
quad-0-7.local

Allocated nodes:
quad-0-7
quad-0-6

>-----
Trumpiausias atstumas nuo 0 iki 500 yra lygus 4
N=1000;t=3.10342;T=3.14159;d=98.7851%
-----
Trumpiausias atstumas nuo 0 iki 550 yra lygus 4
N=1100;t=4.33782;T=4.37502;d=99.1497%
-----
Trumpiausias atstumas nuo 0 iki 600 yra lygus 4
N=1200;t=5.41894;T=5.46304;d=99.1929%
-----
Trumpiausias atstumas nuo 0 iki 650 yra lygus 4
N=1300;t=6.63124;T=6.68314;d=99.2234%
-----
Trumpiausias atstumas nuo 0 iki 700 yra lygus 4
N=1400;t=8.49345;T=8.5528;d=99.3061%
-----
Trumpiausias atstumas nuo 0 iki 750 yra lygus 3
N=1500;t=10.2276;T=10.3029;d=99.2691%
-----
Trumpiausias atstumas nuo 0 iki 800 yra lygus 3
N=1600;t=12.0595;T=12.1474;d=99.2759%
-----
Trumpiausias atstumas nuo 0 iki 850 yra lygus 4
N=1700;t=14.2049;T=14.3101;d=99.2648%
-----
Trumpiausias atstumas nuo 0 iki 900 yra lygus 4
N=1800;t=17.1244;T=17.2369;d=99.3476%
-----
Trumpiausias atstumas nuo 0 iki 950 yra lygus 4
N=1900;t=19.8475;T=19.9739;d=99.3671%
-----
Trumpiausias atstumas nuo 0 iki 1000 yra lygus 4
N=2000;t=22.1913;T=22.332;d=99.3699%
-----<

Job finished:
Sun Apr 29 16:06:44 EEST 2018

Epilogue Initiated
Starting cpuspeed daemon
Enabling ondemand cpu frequency scaling: [  OK  ]
Removing /scratch/PBS_TEMP_45578.vilkas.vgtu.lt on node(s): quad-0-7 quad-0-6
Floaters flushed on node(s):
Epilogue Complete
