Prologue Initiated
Stopping cpuspeed daemon
Disabling ondemand cpu frequency scaling: [  OK  ]
Creating temporary directory /scratch/PBS_TEMP_45582.vilkas.vgtu.lt on node(s): quad-0-7 quad-0-6
Prologue Complete

Starting Job:
Sun Apr 29 16:06:43 EEST 2018

Running script on...
quad-0-7.local

Allocated nodes:
quad-0-7
quad-0-6

>-----
Trumpiausias atstumas nuo 0 iki 500 yra lygus 4
N=1000;t=2.15118;T=2.19727;d=97.9024%
-----
Trumpiausias atstumas nuo 0 iki 550 yra lygus 4
N=1100;t=2.89956;T=2.93979;d=98.6316%
-----
Trumpiausias atstumas nuo 0 iki 600 yra lygus 4
N=1200;t=3.60927;T=3.6569;d=98.6976%
-----
Trumpiausias atstumas nuo 0 iki 650 yra lygus 4
N=1300;t=14.312;T=14.4676;d=98.9245%
-----
Trumpiausias atstumas nuo 0 iki 700 yra lygus 4
N=1400;t=30.0423;T=30.1065;d=99.7867%
-----
Trumpiausias atstumas nuo 0 iki 750 yra lygus 3
N=1500;t=21.8251;T=21.9994;d=99.2075%
-----
Trumpiausias atstumas nuo 0 iki 800 yra lygus 3
N=1600;t=15.3776;T=15.5612;d=98.8201%
-----
Trumpiausias atstumas nuo 0 iki 850 yra lygus 4
N=1700;t=15.4594;T=15.5644;d=99.3248%
-----
Trumpiausias atstumas nuo 0 iki 900 yra lygus 4
N=1800;t=29.248;T=29.4545;d=99.2989%
-----
Trumpiausias atstumas nuo 0 iki 950 yra lygus 4
N=1900;t=43.3736;T=43.5836;d=99.5182%
-----
Trumpiausias atstumas nuo 0 iki 1000 yra lygus 4
N=2000;t=134.047;T=134.272;d=99.8329%
-----<

Job finished:
Sun Apr 29 16:11:58 EEST 2018

Epilogue Initiated
Starting cpuspeed daemon
Enabling ondemand cpu frequency scaling: [  OK  ]
Removing /scratch/PBS_TEMP_45582.vilkas.vgtu.lt on node(s): quad-0-7 quad-0-6
Floaters flushed on node(s):
Epilogue Complete
