Prologue Initiated
Stopping cpuspeed daemon
Disabling ondemand cpu frequency scaling: [  OK  ]
Creating temporary directory /scratch/PBS_TEMP_45580.vilkas.vgtu.lt on node(s): quad-0-9 quad-0-8
Prologue Complete

Starting Job:
Sun Apr 29 16:06:40 EEST 2018

Running script on...
quad-0-9.local

Allocated nodes:
quad-0-9
quad-0-8

>-----
Trumpiausias atstumas nuo 0 iki 500 yra lygus 4
N=1000;t=2.32323;T=2.36319;d=98.3092%
-----
Trumpiausias atstumas nuo 0 iki 550 yra lygus 4
N=1100;t=3.19466;T=3.2317;d=98.8541%
-----
Trumpiausias atstumas nuo 0 iki 600 yra lygus 4
N=1200;t=4.93234;T=4.97789;d=99.0849%
-----
Trumpiausias atstumas nuo 0 iki 650 yra lygus 4
N=1300;t=6.17349;T=6.22467;d=99.1778%
-----
Trumpiausias atstumas nuo 0 iki 700 yra lygus 4
N=1400;t=7.20586;T=7.26733;d=99.1541%
-----
Trumpiausias atstumas nuo 0 iki 750 yra lygus 3
N=1500;t=8.10237;T=8.17192;d=99.1488%
-----
Trumpiausias atstumas nuo 0 iki 800 yra lygus 3
N=1600;t=9.4343;T=9.51845;d=99.116%
-----
Trumpiausias atstumas nuo 0 iki 850 yra lygus 4
N=1700;t=11.5432;T=11.6408;d=99.1614%
-----
Trumpiausias atstumas nuo 0 iki 900 yra lygus 4
N=1800;t=13.5917;T=13.7043;d=99.1785%
-----
Trumpiausias atstumas nuo 0 iki 950 yra lygus 4
N=1900;t=14.7769;T=14.9008;d=99.1686%
-----
Trumpiausias atstumas nuo 0 iki 1000 yra lygus 4
N=2000;t=17.1174;T=17.2563;d=99.1952%
-----<

Job finished:
Sun Apr 29 16:08:20 EEST 2018

Epilogue Initiated
Starting cpuspeed daemon
Enabling ondemand cpu frequency scaling: [  OK  ]
Removing /scratch/PBS_TEMP_45580.vilkas.vgtu.lt on node(s): quad-0-9 quad-0-8
Floaters flushed on node(s):
Epilogue Complete
